# JRE version: OpenJDK Runtime Environment (17.0.9) (build 17.0.9+0--11185874)
# Java VM: OpenJDK 64-Bit Server VM (17.0.9+0--11185874, mixed mode, tiered, compressed oops, compressed class ptrs, g1 gc, windows-amd64)
GC Precious Log:
 CPUs: 4 total, 4 available
 Memory: 16315M
 Large Page Support: Disabled
 NUMA Support: Disabled
 Compressed Oops: Enabled (32-bit)
 Heap Region Size: 1M
 Heap Min Capacity: 8M
 Heap Initial Capacity: 256M
 Heap Max Capacity: 2G
 Pre-touch: Disabled
 Parallel Workers: 4
 Concurrent Workers: 1
 Concurrent Refinement Workers: 4
 Periodic GC: Disabled
Heap:
 garbage-first heap   total 483328K, used 322941K [0x0000000080000000, 0x0000000100000000)
  region size 1024K, 140 young (143360K), 15 survivors (15360K)
 Metaspace       used 177114K, committed 178432K, reserved 1245184K
  class space    used 23571K, committed 24192K, reserved 1048576K
GC Heap History (20 events):
Event: 13.765 GC heap before
{Heap before GC invocations=43 (full 0):
 garbage-first heap   total 258048K, used 122087K [0x0000000080000000, 0x0000000100000000)
  region size 1024K, 7 young (7168K), 6 survivors (6144K)
 Metaspace       used 105751K, committed 106624K, reserved 1179648K
  class space    used 14614K, committed 15040K, reserved 1048576K
}
Event: 13.772 GC heap after
{Heap after GC invocations=44 (full 0):
 garbage-first heap   total 483328K, used 122358K [0x0000000080000000, 0x0000000100000000)
  region size 1024K, 6 young (6144K), 6 survivors (6144K)
 Metaspace       used 105751K, committed 106624K, reserved 1179648K
  class space    used 14614K, committed 15040K, reserved 1048576K
}
Event: 175.882 GC heap before
{Heap before GC invocations=44 (full 0):
 garbage-first heap   total 483328K, used 429558K [0x0000000080000000, 0x0000000100000000)
  region size 1024K, 252 young (258048K), 6 survivors (6144K)
 Metaspace       used 114047K, committed 115072K, reserved 1179648K
  class space    used 15687K, committed 16192K, reserved 1048576K
}
Event: 175.904 GC heap after
{Heap after GC invocations=45 (full 0):
 garbage-first heap   total 483328K, used 134910K [0x0000000080000000, 0x0000000100000000)
  region size 1024K, 23 young (23552K), 23 survivors (23552K)
 Metaspace       used 114047K, committed 115072K, reserved 1179648K
  class space    used 15687K, committed 16192K, reserved 1048576K
}
Event: 179.583 GC heap before
{Heap before GC invocations=45 (full 0):
 garbage-first heap   total 483328K, used 372478K [0x0000000080000000, 0x0000000100000000)
  region size 1024K, 242 young (247808K), 23 survivors (23552K)
 Metaspace       used 129705K, committed 130688K, reserved 1179648K
  class space    used 17381K, committed 17856K, reserved 1048576K
}
Event: 179.620 GC heap after
{Heap after GC invocations=46 (full 0):
 garbage-first heap   total 483328K, used 161452K [0x0000000080000000, 0x0000000100000000)
  region size 1024K, 23 young (23552K), 23 survivors (23552K)
 Metaspace       used 129705K, committed 130688K, reserved 1179648K
  class space    used 17381K, committed 17856K, reserved 1048576K
}
Event: 181.807 GC heap before
{Heap before GC invocations=46 (full 0):
 garbage-first heap   total 483328K, used 369324K [0x0000000080000000, 0x0000000100000000)
  region size 1024K, 222 young (227328K), 23 survivors (23552K)
 Metaspace       used 141666K, committed 142656K, reserved 1179648K
  class space    used 18836K, committed 19328K, reserved 1048576K
}
Event: 181.830 GC heap after
{Heap after GC invocations=47 (full 0):
 garbage-first heap   total 483328K, used 174080K [0x0000000080000000, 0x0000000100000000)
  region size 1024K, 24 young (24576K), 24 survivors (24576K)
 Metaspace       used 141666K, committed 142656K, reserved 1179648K
  class space    used 18836K, committed 19328K, reserved 1048576K
}
Event: 183.439 GC heap before
{Heap before GC invocations=47 (full 0):
 garbage-first heap   total 483328K, used 368640K [0x0000000080000000, 0x0000000100000000)
  region size 1024K, 213 young (218112K), 24 survivors (24576K)
 Metaspace       used 155802K, committed 156928K, reserved 1245184K
  class space    used 20946K, committed 21504K, reserved 1048576K
}
Event: 183.448 GC heap after
{Heap after GC invocations=48 (full 0):
 garbage-first heap   total 483328K, used 166400K [0x0000000080000000, 0x0000000100000000)
  region size 1024K, 6 young (6144K), 6 survivors (6144K)
 Metaspace       used 155802K, committed 156928K, reserved 1245184K
  class space    used 20946K, committed 21504K, reserved 1048576K
}
Event: 367.412 GC heap before
{Heap before GC invocations=48 (full 0):
 garbage-first heap   total 483328K, used 393728K [0x0000000080000000, 0x0000000100000000)
  region size 1024K, 213 young (218112K), 6 survivors (6144K)
 Metaspace       used 162906K, committed 164032K, reserved 1245184K
  class space    used 22047K, committed 22592K, reserved 1048576K
}
Event: 367.428 GC heap after
{Heap after GC invocations=49 (full 0):
 garbage-first heap   total 483328K, used 175485K [0x0000000080000000, 0x0000000100000000)
  region size 1024K, 17 young (17408K), 17 survivors (17408K)
 Metaspace       used 162906K, committed 164032K, reserved 1245184K
  class space    used 22047K, committed 22592K, reserved 1048576K
}
Event: 370.684 GC heap before
{Heap before GC invocations=49 (full 0):
 garbage-first heap   total 483328K, used 327037K [0x0000000080000000, 0x0000000100000000)
  region size 1024K, 155 young (158720K), 17 survivors (17408K)
 Metaspace       used 171016K, committed 172096K, reserved 1245184K
  class space    used 22926K, committed 23488K, reserved 1048576K
}
Event: 370.701 GC heap after
{Heap after GC invocations=50 (full 0):
 garbage-first heap   total 483328K, used 194171K [0x0000000080000000, 0x0000000100000000)
  region size 1024K, 28 young (28672K), 28 survivors (28672K)
 Metaspace       used 171016K, committed 172096K, reserved 1245184K
  class space    used 22926K, committed 23488K, reserved 1048576K
}
Event: 469.659 GC heap before
{Heap before GC invocations=51 (full 0):
 garbage-first heap   total 483328K, used 381563K [0x0000000080000000, 0x0000000100000000)
  region size 1024K, 211 young (216064K), 28 survivors (28672K)
 Metaspace       used 173632K, committed 174784K, reserved 1245184K
  class space    used 23298K, committed 23872K, reserved 1048576K
}
Event: 469.679 GC heap after
{Heap after GC invocations=52 (full 0):
 garbage-first heap   total 483328K, used 192394K [0x0000000080000000, 0x0000000100000000)
  region size 1024K, 11 young (11264K), 11 survivors (11264K)
 Metaspace       used 173632K, committed 174784K, reserved 1245184K
  class space    used 23298K, committed 23872K, reserved 1048576K
}
Event: 469.795 GC heap before
{Heap before GC invocations=52 (full 0):
 garbage-first heap   total 483328K, used 204682K [0x0000000080000000, 0x0000000100000000)
  region size 1024K, 23 young (23552K), 11 survivors (11264K)
 Metaspace       used 173646K, committed 174848K, reserved 1245184K
  class space    used 23299K, committed 23872K, reserved 1048576K
}
Event: 469.818 GC heap after
{Heap after GC invocations=53 (full 0):
 garbage-first heap   total 483328K, used 189440K [0x0000000080000000, 0x0000000100000000)
  region size 1024K, 3 young (3072K), 3 survivors (3072K)
 Metaspace       used 173646K, committed 174848K, reserved 1245184K
  class space    used 23299K, committed 23872K, reserved 1048576K
}
Event: 602.046 GC heap before
{Heap before GC invocations=53 (full 0):
 garbage-first heap   total 483328K, used 382976K [0x0000000080000000, 0x0000000100000000)
  region size 1024K, 193 young (197632K), 3 survivors (3072K)
 Metaspace       used 174191K, committed 175488K, reserved 1245184K
  class space    used 23351K, committed 24000K, reserved 1048576K
}
Event: 602.062 GC heap after
{Heap after GC invocations=54 (full 0):
 garbage-first heap   total 483328K, used 202109K [0x0000000080000000, 0x0000000100000000)
  region size 1024K, 15 young (15360K), 15 survivors (15360K)
 Metaspace       used 174191K, committed 175488K, reserved 1245184K
  class space    used 23351K, committed 24000K, reserved 1048576K
}

