# JRE version: OpenJDK Runtime Environment (17.0.9) (build 17.0.9+0--11185874)
# Java VM: OpenJDK 64-Bit Server VM (17.0.9+0--11185874, mixed mode, tiered, compressed oops, compressed class ptrs, g1 gc, windows-amd64)
GC Precious Log:
 CPUs: 4 total, 4 available
 Memory: 8123M
 Large Page Support: Disabled
 NUMA Support: Disabled
 Compressed Oops: Enabled (32-bit)
 Heap Region Size: 1M
 Heap Min Capacity: 8M
 Heap Initial Capacity: 128M
 Heap Max Capacity: 2G
 Pre-touch: Disabled
 Parallel Workers: 4
 Concurrent Workers: 1
 Concurrent Refinement Workers: 4
 Periodic GC: Disabled
Heap:
 garbage-first heap   total 148480K, used 84850K [0x0000000080000000, 0x0000000100000000)
  region size 1024K, 4 young (4096K), 4 survivors (4096K)
 Metaspace       used 83955K, committed 84544K, reserved 1179648K
  class space    used 11345K, committed 11648K, reserved 1048576K
GC Heap History (20 events):
Event: 12.225 GC heap after
{Heap after GC invocations=30 (full 0):
 garbage-first heap   total 148480K, used 64487K [0x0000000080000000, 0x0000000100000000)
  region size 1024K, 2 young (2048K), 2 survivors (2048K)
 Metaspace       used 62315K, committed 62912K, reserved 1114112K
  class space    used 8435K, committed 8704K, reserved 1048576K
}
Event: 12.721 GC heap before
{Heap before GC invocations=31 (full 0):
 garbage-first heap   total 148480K, used 101351K [0x0000000080000000, 0x0000000100000000)
  region size 1024K, 38 young (38912K), 2 survivors (2048K)
 Metaspace       used 66232K, committed 66880K, reserved 1114112K
  class space    used 8928K, committed 9216K, reserved 1048576K
}
Event: 12.725 GC heap after
{Heap after GC invocations=32 (full 0):
 garbage-first heap   total 148480K, used 65384K [0x0000000080000000, 0x0000000100000000)
  region size 1024K, 3 young (3072K), 3 survivors (3072K)
 Metaspace       used 66232K, committed 66880K, reserved 1114112K
  class space    used 8928K, committed 9216K, reserved 1048576K
}
Event: 12.962 GC heap before
{Heap before GC invocations=32 (full 0):
 garbage-first heap   total 148480K, used 86888K [0x0000000080000000, 0x0000000100000000)
  region size 1024K, 22 young (22528K), 3 survivors (3072K)
 Metaspace       used 68458K, committed 69056K, reserved 1114112K
  class space    used 9216K, committed 9472K, reserved 1048576K
}
Event: 12.965 GC heap after
{Heap after GC invocations=33 (full 0):
 garbage-first heap   total 148480K, used 71282K [0x0000000080000000, 0x0000000100000000)
  region size 1024K, 6 young (6144K), 6 survivors (6144K)
 Metaspace       used 68458K, committed 69056K, reserved 1114112K
  class space    used 9216K, committed 9472K, reserved 1048576K
}
Event: 12.988 GC heap before
{Heap before GC invocations=33 (full 0):
 garbage-first heap   total 148480K, used 77426K [0x0000000080000000, 0x0000000100000000)
  region size 1024K, 12 young (12288K), 6 survivors (6144K)
 Metaspace       used 68464K, committed 69056K, reserved 1114112K
  class space    used 9216K, committed 9472K, reserved 1048576K
}
Event: 12.992 GC heap after
{Heap after GC invocations=34 (full 0):
 garbage-first heap   total 148480K, used 73235K [0x0000000080000000, 0x0000000100000000)
  region size 1024K, 5 young (5120K), 5 survivors (5120K)
 Metaspace       used 68464K, committed 69056K, reserved 1114112K
  class space    used 9216K, committed 9472K, reserved 1048576K
}
Event: 13.302 GC heap before
{Heap before GC invocations=35 (full 0):
 garbage-first heap   total 148480K, used 107027K [0x0000000080000000, 0x0000000100000000)
  region size 1024K, 36 young (36864K), 5 survivors (5120K)
 Metaspace       used 70471K, committed 71104K, reserved 1114112K
  class space    used 9497K, committed 9792K, reserved 1048576K
}
Event: 13.305 GC heap after
{Heap after GC invocations=36 (full 0):
 garbage-first heap   total 148480K, used 71522K [0x0000000080000000, 0x0000000100000000)
  region size 1024K, 4 young (4096K), 4 survivors (4096K)
 Metaspace       used 70471K, committed 71104K, reserved 1114112K
  class space    used 9497K, committed 9792K, reserved 1048576K
}
Event: 13.709 GC heap before
{Heap before GC invocations=36 (full 0):
 garbage-first heap   total 148480K, used 106338K [0x0000000080000000, 0x0000000100000000)
  region size 1024K, 38 young (38912K), 4 survivors (4096K)
 Metaspace       used 73578K, committed 74240K, reserved 1114112K
  class space    used 9898K, committed 10240K, reserved 1048576K
}
Event: 13.712 GC heap after
{Heap after GC invocations=37 (full 0):
 garbage-first heap   total 148480K, used 72903K [0x0000000080000000, 0x0000000100000000)
  region size 1024K, 5 young (5120K), 5 survivors (5120K)
 Metaspace       used 73578K, committed 74240K, reserved 1114112K
  class space    used 9898K, committed 10240K, reserved 1048576K
}
Event: 13.808 GC heap before
{Heap before GC invocations=38 (full 0):
 garbage-first heap   total 148480K, used 79047K [0x0000000080000000, 0x0000000100000000)
  region size 1024K, 12 young (12288K), 5 survivors (5120K)
 Metaspace       used 74324K, committed 75008K, reserved 1179648K
  class space    used 10003K, committed 10304K, reserved 1048576K
}
Event: 13.811 GC heap after
{Heap after GC invocations=39 (full 0):
 garbage-first heap   total 148480K, used 73432K [0x0000000080000000, 0x0000000100000000)
  region size 1024K, 3 young (3072K), 3 survivors (3072K)
 Metaspace       used 74324K, committed 75008K, reserved 1179648K
  class space    used 10003K, committed 10304K, reserved 1048576K
}
Event: 14.199 GC heap before
{Heap before GC invocations=40 (full 0):
 garbage-first heap   total 148480K, used 116440K [0x0000000080000000, 0x0000000100000000)
  region size 1024K, 41 young (41984K), 3 survivors (3072K)
 Metaspace       used 78185K, committed 78784K, reserved 1179648K
  class space    used 10554K, committed 10816K, reserved 1048576K
}
Event: 14.203 GC heap after
{Heap after GC invocations=41 (full 0):
 garbage-first heap   total 148480K, used 78954K [0x0000000080000000, 0x0000000100000000)
  region size 1024K, 5 young (5120K), 5 survivors (5120K)
 Metaspace       used 78185K, committed 78784K, reserved 1179648K
  class space    used 10554K, committed 10816K, reserved 1048576K
}
Event: 14.599 GC heap before
{Heap before GC invocations=41 (full 0):
 garbage-first heap   total 148480K, used 115818K [0x0000000080000000, 0x0000000100000000)
  region size 1024K, 41 young (41984K), 5 survivors (5120K)
 Metaspace       used 80809K, committed 81472K, reserved 1179648K
  class space    used 10914K, committed 11200K, reserved 1048576K
}
Event: 14.606 GC heap after
{Heap after GC invocations=42 (full 0):
 garbage-first heap   total 148480K, used 81196K [0x0000000080000000, 0x0000000100000000)
  region size 1024K, 5 young (5120K), 5 survivors (5120K)
 Metaspace       used 80809K, committed 81472K, reserved 1179648K
  class space    used 10914K, committed 11200K, reserved 1048576K
}
Event: 15.062 GC heap before
{Heap before GC invocations=43 (full 0):
 garbage-first heap   total 148480K, used 117036K [0x0000000080000000, 0x0000000100000000)
  region size 1024K, 41 young (41984K), 5 survivors (5120K)
 Metaspace       used 82481K, committed 83136K, reserved 1179648K
  class space    used 11131K, committed 11456K, reserved 1048576K
}
Event: 15.067 GC heap after
{Heap after GC invocations=44 (full 0):
 garbage-first heap   total 148480K, used 83590K [0x0000000080000000, 0x0000000100000000)
  region size 1024K, 5 young (5120K), 5 survivors (5120K)
 Metaspace       used 82481K, committed 83136K, reserved 1179648K
  class space    used 11131K, committed 11456K, reserved 1048576K
}
Event: 15.280 GC heap before
{Heap before GC invocations=44 (full 0):
 garbage-first heap   total 148480K, used 105094K [0x0000000080000000, 0x0000000100000000)
  region size 1024K, 27 young (27648K), 5 survivors (5120K)
 Metaspace       used 83955K, committed 84544K, reserved 1179648K
  class space    used 11345K, committed 11648K, reserved 1048576K
}

