# JRE version: OpenJDK Runtime Environment (17.0.9) (build 17.0.9+0--11185874)
# Java VM: OpenJDK 64-Bit Server VM (17.0.9+0--11185874, mixed mode, tiered, compressed oops, compressed class ptrs, g1 gc, windows-amd64)
GC Precious Log:
 CPUs: 4 total, 4 available
 Memory: 8123M
 Large Page Support: Disabled
 NUMA Support: Disabled
 Compressed Oops: Enabled (32-bit)
 Heap Region Size: 1M
 Heap Min Capacity: 8M
 Heap Initial Capacity: 128M
 Heap Max Capacity: 2G
 Pre-touch: Disabled
 Parallel Workers: 4
 Concurrent Workers: 1
 Concurrent Refinement Workers: 4
 Periodic GC: Disabled
Heap:
 garbage-first heap   total 162816K, used 95908K [0x0000000080000000, 0x0000000100000000)
  region size 1024K, 3 young (3072K), 3 survivors (3072K)
 Metaspace       used 79310K, committed 80000K, reserved 1179648K
  class space    used 11141K, committed 11456K, reserved 1048576K
GC Heap History (20 events):
Event: 8.059 GC heap after
{Heap after GC invocations=30 (full 0):
 garbage-first heap   total 111616K, used 63942K [0x0000000080000000, 0x0000000100000000)
  region size 1024K, 1 young (1024K), 1 survivors (1024K)
 Metaspace       used 64142K, committed 64768K, reserved 1114112K
  class space    used 9160K, committed 9472K, reserved 1048576K
}
Event: 8.357 GC heap before
{Heap before GC invocations=30 (full 0):
 garbage-first heap   total 111616K, used 91590K [0x0000000080000000, 0x0000000100000000)
  region size 1024K, 28 young (28672K), 1 survivors (1024K)
 Metaspace       used 67289K, committed 67904K, reserved 1114112K
  class space    used 9591K, committed 9920K, reserved 1048576K
}
Event: 8.359 GC heap after
{Heap after GC invocations=31 (full 0):
 garbage-first heap   total 111616K, used 64512K [0x0000000080000000, 0x0000000100000000)
  region size 1024K, 2 young (2048K), 2 survivors (2048K)
 Metaspace       used 67289K, committed 67904K, reserved 1114112K
  class space    used 9591K, committed 9920K, reserved 1048576K
}
Event: 8.675 GC heap before
{Heap before GC invocations=32 (full 0):
 garbage-first heap   total 117760K, used 90112K [0x0000000080000000, 0x0000000100000000)
  region size 1024K, 28 young (28672K), 2 survivors (2048K)
 Metaspace       used 70649K, committed 71296K, reserved 1114112K
  class space    used 10041K, committed 10368K, reserved 1048576K
}
Event: 8.679 GC heap after
{Heap after GC invocations=33 (full 0):
 garbage-first heap   total 117760K, used 65142K [0x0000000080000000, 0x0000000100000000)
  region size 1024K, 3 young (3072K), 3 survivors (3072K)
 Metaspace       used 70649K, committed 71296K, reserved 1114112K
  class space    used 10041K, committed 10368K, reserved 1048576K
}
Event: 8.701 GC heap before
{Heap before GC invocations=33 (full 0):
 garbage-first heap   total 117760K, used 66166K [0x0000000080000000, 0x0000000100000000)
  region size 1024K, 5 young (5120K), 3 survivors (3072K)
 Metaspace       used 70832K, committed 71488K, reserved 1114112K
  class space    used 10064K, committed 10368K, reserved 1048576K
}
Event: 8.704 GC heap after
{Heap after GC invocations=34 (full 0):
 garbage-first heap   total 117760K, used 65240K [0x0000000080000000, 0x0000000100000000)
  region size 1024K, 1 young (1024K), 1 survivors (1024K)
 Metaspace       used 70832K, committed 71488K, reserved 1114112K
  class space    used 10064K, committed 10368K, reserved 1048576K
}
Event: 9.071 GC heap before
{Heap before GC invocations=34 (full 0):
 garbage-first heap   total 117760K, used 96984K [0x0000000080000000, 0x0000000100000000)
  region size 1024K, 32 young (32768K), 1 survivors (1024K)
 Metaspace       used 75300K, committed 75968K, reserved 1114112K
  class space    used 10640K, committed 10944K, reserved 1048576K
}
Event: 9.073 GC heap after
{Heap after GC invocations=35 (full 0):
 garbage-first heap   total 162816K, used 65658K [0x0000000080000000, 0x0000000100000000)
  region size 1024K, 1 young (1024K), 1 survivors (1024K)
 Metaspace       used 75300K, committed 75968K, reserved 1114112K
  class space    used 10640K, committed 10944K, reserved 1048576K
}
Event: 9.580 GC heap before
{Heap before GC invocations=36 (full 0):
 garbage-first heap   total 162816K, used 144506K [0x0000000080000000, 0x0000000100000000)
  region size 1024K, 67 young (68608K), 1 survivors (1024K)
 Metaspace       used 78200K, committed 78976K, reserved 1179648K
  class space    used 10993K, committed 11328K, reserved 1048576K
}
Event: 9.596 GC heap after
{Heap after GC invocations=37 (full 0):
 garbage-first heap   total 162816K, used 82944K [0x0000000080000000, 0x0000000100000000)
  region size 1024K, 9 young (9216K), 9 survivors (9216K)
 Metaspace       used 78200K, committed 78976K, reserved 1179648K
  class space    used 10993K, committed 11328K, reserved 1048576K
}
Event: 9.606 GC heap before
{Heap before GC invocations=37 (full 0):
 garbage-first heap   total 162816K, used 83968K [0x0000000080000000, 0x0000000100000000)
  region size 1024K, 10 young (10240K), 9 survivors (9216K)
 Metaspace       used 78200K, committed 78976K, reserved 1179648K
  class space    used 10993K, committed 11328K, reserved 1048576K
}
Event: 9.613 GC heap after
{Heap after GC invocations=38 (full 0):
 garbage-first heap   total 162816K, used 84131K [0x0000000080000000, 0x0000000100000000)
  region size 1024K, 1 young (1024K), 1 survivors (1024K)
 Metaspace       used 78200K, committed 78976K, reserved 1179648K
  class space    used 10993K, committed 11328K, reserved 1048576K
}
Event: 9.619 GC heap before
{Heap before GC invocations=38 (full 0):
 garbage-first heap   total 162816K, used 85155K [0x0000000080000000, 0x0000000100000000)
  region size 1024K, 3 young (3072K), 1 survivors (1024K)
 Metaspace       used 78200K, committed 78976K, reserved 1179648K
  class space    used 10993K, committed 11328K, reserved 1048576K
}
Event: 9.621 GC heap after
{Heap after GC invocations=39 (full 0):
 garbage-first heap   total 162816K, used 84496K [0x0000000080000000, 0x0000000100000000)
  region size 1024K, 2 young (2048K), 2 survivors (2048K)
 Metaspace       used 78200K, committed 78976K, reserved 1179648K
  class space    used 10993K, committed 11328K, reserved 1048576K
}
Event: 9.816 GC heap before
{Heap before GC invocations=40 (full 0):
 garbage-first heap   total 162816K, used 119312K [0x0000000080000000, 0x0000000100000000)
  region size 1024K, 31 young (31744K), 2 survivors (2048K)
 Metaspace       used 78204K, committed 78976K, reserved 1179648K
  class space    used 10993K, committed 11328K, reserved 1048576K
}
Event: 9.824 GC heap after
{Heap after GC invocations=41 (full 0):
 garbage-first heap   total 162816K, used 95947K [0x0000000080000000, 0x0000000100000000)
  region size 1024K, 4 young (4096K), 4 survivors (4096K)
 Metaspace       used 78204K, committed 78976K, reserved 1179648K
  class space    used 10993K, committed 11328K, reserved 1048576K
}
Event: 9.849 GC heap before
{Heap before GC invocations=41 (full 0):
 garbage-first heap   total 162816K, used 99019K [0x0000000080000000, 0x0000000100000000)
  region size 1024K, 7 young (7168K), 4 survivors (4096K)
 Metaspace       used 78205K, committed 78976K, reserved 1179648K
  class space    used 10993K, committed 11328K, reserved 1048576K
}
Event: 9.854 GC heap after
{Heap after GC invocations=42 (full 0):
 garbage-first heap   total 162816K, used 97022K [0x0000000080000000, 0x0000000100000000)
  region size 1024K, 1 young (1024K), 1 survivors (1024K)
 Metaspace       used 78205K, committed 78976K, reserved 1179648K
  class space    used 10993K, committed 11328K, reserved 1048576K
}
Event: 10.066 GC heap before
{Heap before GC invocations=42 (full 0):
 garbage-first heap   total 162816K, used 120574K [0x0000000080000000, 0x0000000100000000)
  region size 1024K, 24 young (24576K), 1 survivors (1024K)
 Metaspace       used 79310K, committed 80000K, reserved 1179648K
  class space    used 11141K, committed 11456K, reserved 1048576K
}

