# JRE version: OpenJDK Runtime Environment (17.0.9) (build 17.0.9+0--11185874)
# Java VM: OpenJDK 64-Bit Server VM (17.0.9+0--11185874, mixed mode, tiered, compressed oops, compressed class ptrs, g1 gc, windows-amd64)
GC Precious Log:
 CPUs: 4 total, 4 available
 Memory: 8123M
 Large Page Support: Disabled
 NUMA Support: Disabled
 Compressed Oops: Enabled (32-bit)
 Heap Region Size: 1M
 Heap Min Capacity: 8M
 Heap Initial Capacity: 128M
 Heap Max Capacity: 2G
 Pre-touch: Disabled
 Parallel Workers: 4
 Concurrent Workers: 1
 Concurrent Refinement Workers: 4
 Periodic GC: Disabled
Heap:
 garbage-first heap   total 131072K, used 64661K [0x0000000080000000, 0x0000000100000000)
  region size 1024K, 1 young (1024K), 1 survivors (1024K)
 Metaspace       used 66132K, committed 66752K, reserved 1114112K
  class space    used 8914K, committed 9216K, reserved 1048576K
GC Heap History (20 events):
Event: 6.246 GC heap after
{Heap after GC invocations=15 (full 0):
 garbage-first heap   total 86016K, used 38690K [0x0000000080000000, 0x0000000100000000)
  region size 1024K, 5 young (5120K), 5 survivors (5120K)
 Metaspace       used 57307K, committed 57920K, reserved 1114112K
  class space    used 7794K, committed 8064K, reserved 1048576K
}
Event: 6.609 GC heap before
{Heap before GC invocations=15 (full 0):
 garbage-first heap   total 86016K, used 67362K [0x0000000080000000, 0x0000000100000000)
  region size 1024K, 34 young (34816K), 5 survivors (5120K)
 Metaspace       used 58221K, committed 58816K, reserved 1114112K
  class space    used 7867K, committed 8128K, reserved 1048576K
}
Event: 6.616 GC heap after
{Heap after GC invocations=16 (full 0):
 garbage-first heap   total 86016K, used 41876K [0x0000000080000000, 0x0000000100000000)
  region size 1024K, 5 young (5120K), 5 survivors (5120K)
 Metaspace       used 58221K, committed 58816K, reserved 1114112K
  class space    used 7867K, committed 8128K, reserved 1048576K
}
Event: 6.631 GC heap before
{Heap before GC invocations=16 (full 0):
 garbage-first heap   total 86016K, used 42900K [0x0000000080000000, 0x0000000100000000)
  region size 1024K, 6 young (6144K), 5 survivors (5120K)
 Metaspace       used 58268K, committed 58816K, reserved 1114112K
  class space    used 7873K, committed 8128K, reserved 1048576K
}
Event: 6.636 GC heap after
{Heap after GC invocations=17 (full 0):
 garbage-first heap   total 103424K, used 43551K [0x0000000080000000, 0x0000000100000000)
  region size 1024K, 1 young (1024K), 1 survivors (1024K)
 Metaspace       used 58268K, committed 58816K, reserved 1114112K
  class space    used 7873K, committed 8128K, reserved 1048576K
}
Event: 6.650 GC heap before
{Heap before GC invocations=17 (full 0):
 garbage-first heap   total 103424K, used 47647K [0x0000000080000000, 0x0000000100000000)
  region size 1024K, 3 young (3072K), 1 survivors (1024K)
 Metaspace       used 58276K, committed 58816K, reserved 1114112K
  class space    used 7875K, committed 8128K, reserved 1048576K
}
Event: 6.651 GC heap after
{Heap after GC invocations=18 (full 0):
 garbage-first heap   total 103424K, used 47546K [0x0000000080000000, 0x0000000100000000)
  region size 1024K, 2 young (2048K), 2 survivors (2048K)
 Metaspace       used 58276K, committed 58816K, reserved 1114112K
  class space    used 7875K, committed 8128K, reserved 1048576K
}
Event: 6.725 GC heap before
{Heap before GC invocations=19 (full 0):
 garbage-first heap   total 107520K, used 63930K [0x0000000080000000, 0x0000000100000000)
  region size 1024K, 12 young (12288K), 2 survivors (2048K)
 Metaspace       used 58396K, committed 58944K, reserved 1114112K
  class space    used 7887K, committed 8128K, reserved 1048576K
}
Event: 6.727 GC heap after
{Heap after GC invocations=20 (full 0):
 garbage-first heap   total 107520K, used 59551K [0x0000000080000000, 0x0000000100000000)
  region size 1024K, 3 young (3072K), 3 survivors (3072K)
 Metaspace       used 58396K, committed 58944K, reserved 1114112K
  class space    used 7887K, committed 8128K, reserved 1048576K
}
Event: 6.946 GC heap before
{Heap before GC invocations=21 (full 0):
 garbage-first heap   total 109568K, used 75935K [0x0000000080000000, 0x0000000100000000)
  region size 1024K, 19 young (19456K), 3 survivors (3072K)
 Metaspace       used 59509K, committed 60096K, reserved 1114112K
  class space    used 8039K, committed 8320K, reserved 1048576K
}
Event: 6.948 GC heap after
{Heap after GC invocations=22 (full 0):
 garbage-first heap   total 109568K, used 62262K [0x0000000080000000, 0x0000000100000000)
  region size 1024K, 2 young (2048K), 2 survivors (2048K)
 Metaspace       used 59509K, committed 60096K, reserved 1114112K
  class space    used 8039K, committed 8320K, reserved 1048576K
}
Event: 7.091 GC heap before
{Heap before GC invocations=23 (full 0):
 garbage-first heap   total 117760K, used 79670K [0x0000000080000000, 0x0000000100000000)
  region size 1024K, 19 young (19456K), 2 survivors (2048K)
 Metaspace       used 60831K, committed 61440K, reserved 1114112K
  class space    used 8228K, committed 8512K, reserved 1048576K
}
Event: 7.092 GC heap after
{Heap after GC invocations=24 (full 0):
 garbage-first heap   total 117760K, used 63544K [0x0000000080000000, 0x0000000100000000)
  region size 1024K, 2 young (2048K), 2 survivors (2048K)
 Metaspace       used 60831K, committed 61440K, reserved 1114112K
  class space    used 8228K, committed 8512K, reserved 1048576K
}
Event: 7.116 GC heap before
{Heap before GC invocations=24 (full 0):
 garbage-first heap   total 117760K, used 66616K [0x0000000080000000, 0x0000000100000000)
  region size 1024K, 5 young (5120K), 2 survivors (2048K)
 Metaspace       used 61091K, committed 61696K, reserved 1114112K
  class space    used 8267K, committed 8576K, reserved 1048576K
}
Event: 7.118 GC heap after
{Heap after GC invocations=25 (full 0):
 garbage-first heap   total 117760K, used 63289K [0x0000000080000000, 0x0000000100000000)
  region size 1024K, 1 young (1024K), 1 survivors (1024K)
 Metaspace       used 61091K, committed 61696K, reserved 1114112K
  class space    used 8267K, committed 8576K, reserved 1048576K
}
Event: 7.334 GC heap before
{Heap before GC invocations=25 (full 0):
 garbage-first heap   total 117760K, used 84793K [0x0000000080000000, 0x0000000100000000)
  region size 1024K, 23 young (23552K), 1 survivors (1024K)
 Metaspace       used 63225K, committed 63872K, reserved 1114112K
  class space    used 8510K, committed 8768K, reserved 1048576K
}
Event: 7.336 GC heap after
{Heap after GC invocations=26 (full 0):
 garbage-first heap   total 117760K, used 63893K [0x0000000080000000, 0x0000000100000000)
  region size 1024K, 1 young (1024K), 1 survivors (1024K)
 Metaspace       used 63225K, committed 63872K, reserved 1114112K
  class space    used 8510K, committed 8768K, reserved 1048576K
}
Event: 7.575 GC heap before
{Heap before GC invocations=27 (full 0):
 garbage-first heap   total 121856K, used 87445K [0x0000000080000000, 0x0000000100000000)
  region size 1024K, 25 young (25600K), 1 survivors (1024K)
 Metaspace       used 65698K, committed 66240K, reserved 1114112K
  class space    used 8844K, committed 9088K, reserved 1048576K
}
Event: 7.578 GC heap after
{Heap after GC invocations=28 (full 0):
 garbage-first heap   total 121856K, used 64593K [0x0000000080000000, 0x0000000100000000)
  region size 1024K, 2 young (2048K), 2 survivors (2048K)
 Metaspace       used 65698K, committed 66240K, reserved 1114112K
  class space    used 8844K, committed 9088K, reserved 1048576K
}
Event: 7.618 GC heap before
{Heap before GC invocations=28 (full 0):
 garbage-first heap   total 121856K, used 67665K [0x0000000080000000, 0x0000000100000000)
  region size 1024K, 5 young (5120K), 2 survivors (2048K)
 Metaspace       used 66132K, committed 66752K, reserved 1114112K
  class space    used 8914K, committed 9216K, reserved 1048576K
}

