# JRE version: OpenJDK Runtime Environment (17.0.9) (build 17.0.9+0--11185874)
# Java VM: OpenJDK 64-Bit Server VM (17.0.9+0--11185874, mixed mode, tiered, compressed oops, compressed class ptrs, g1 gc, windows-amd64)
GC Precious Log:
 CPUs: 4 total, 4 available
 Memory: 16315M
 Large Page Support: Disabled
 NUMA Support: Disabled
 Compressed Oops: Enabled (32-bit)
 Heap Region Size: 1M
 Heap Min Capacity: 8M
 Heap Initial Capacity: 256M
 Heap Max Capacity: 2G
 Pre-touch: Disabled
 Parallel Workers: 4
 Concurrent Workers: 1
 Concurrent Refinement Workers: 4
 Periodic GC: Disabled
Heap:
 garbage-first heap   total 326656K, used 232981K [0x0000000080000000, 0x0000000100000000)
  region size 1024K, 56 young (57344K), 10 survivors (10240K)
 Metaspace       used 150399K, committed 151488K, reserved 1245184K
  class space    used 19844K, committed 20352K, reserved 1048576K
GC Heap History (20 events):
Event: 16.049 GC heap before
{Heap before GC invocations=43 (full 0):
 garbage-first heap   total 304128K, used 248308K [0x0000000080000000, 0x0000000100000000)
  region size 1024K, 147 young (150528K), 11 survivors (11264K)
 Metaspace       used 106367K, committed 107200K, reserved 1179648K
  class space    used 14705K, committed 15104K, reserved 1048576K
}
Event: 16.060 GC heap after
{Heap after GC invocations=44 (full 0):
 garbage-first heap   total 304128K, used 110295K [0x0000000080000000, 0x0000000100000000)
  region size 1024K, 7 young (7168K), 7 survivors (7168K)
 Metaspace       used 106367K, committed 107200K, reserved 1179648K
  class space    used 14705K, committed 15104K, reserved 1048576K
}
Event: 17.874 GC heap before
{Heap before GC invocations=44 (full 0):
 garbage-first heap   total 304128K, used 255703K [0x0000000080000000, 0x0000000100000000)
  region size 1024K, 141 young (144384K), 7 survivors (7168K)
 Metaspace       used 116260K, committed 117056K, reserved 1179648K
  class space    used 15653K, committed 16064K, reserved 1048576K
}
Event: 17.888 GC heap after
{Heap after GC invocations=45 (full 0):
 garbage-first heap   total 304128K, used 132515K [0x0000000080000000, 0x0000000100000000)
  region size 1024K, 18 young (18432K), 18 survivors (18432K)
 Metaspace       used 116260K, committed 117056K, reserved 1179648K
  class space    used 15653K, committed 16064K, reserved 1048576K
}
Event: 19.126 GC heap before
{Heap before GC invocations=45 (full 0):
 garbage-first heap   total 304128K, used 245155K [0x0000000080000000, 0x0000000100000000)
  region size 1024K, 126 young (129024K), 18 survivors (18432K)
 Metaspace       used 131937K, committed 132736K, reserved 1179648K
  class space    used 17738K, committed 18112K, reserved 1048576K
}
Event: 19.141 GC heap after
{Heap after GC invocations=46 (full 0):
 garbage-first heap   total 304128K, used 142210K [0x0000000080000000, 0x0000000100000000)
  region size 1024K, 7 young (7168K), 7 survivors (7168K)
 Metaspace       used 131937K, committed 132736K, reserved 1179648K
  class space    used 17738K, committed 18112K, reserved 1048576K
}
Event: 19.638 GC heap before
{Heap before GC invocations=46 (full 0):
 garbage-first heap   total 304128K, used 247682K [0x0000000080000000, 0x0000000100000000)
  region size 1024K, 110 young (112640K), 7 survivors (7168K)
 Metaspace       used 132572K, committed 133376K, reserved 1179648K
  class space    used 17780K, committed 18176K, reserved 1048576K
}
Event: 19.647 GC heap after
{Heap after GC invocations=47 (full 0):
 garbage-first heap   total 304128K, used 144006K [0x0000000080000000, 0x0000000100000000)
  region size 1024K, 9 young (9216K), 9 survivors (9216K)
 Metaspace       used 132572K, committed 133376K, reserved 1179648K
  class space    used 17780K, committed 18176K, reserved 1048576K
}
Event: 251.804 GC heap before
{Heap before GC invocations=47 (full 0):
 garbage-first heap   total 304128K, used 249478K [0x0000000080000000, 0x0000000100000000)
  region size 1024K, 113 young (115712K), 9 survivors (9216K)
 Metaspace       used 138067K, committed 139072K, reserved 1179648K
  class space    used 18521K, committed 19008K, reserved 1048576K
}
Event: 251.836 GC heap after
{Heap after GC invocations=48 (full 0):
 garbage-first heap   total 304128K, used 145362K [0x0000000080000000, 0x0000000100000000)
  region size 1024K, 8 young (8192K), 8 survivors (8192K)
 Metaspace       used 138067K, committed 139072K, reserved 1179648K
  class space    used 18521K, committed 19008K, reserved 1048576K
}
Event: 396.996 GC heap before
{Heap before GC invocations=48 (full 0):
 garbage-first heap   total 304128K, used 250834K [0x0000000080000000, 0x0000000100000000)
  region size 1024K, 112 young (114688K), 8 survivors (8192K)
 Metaspace       used 138899K, committed 139968K, reserved 1179648K
  class space    used 18560K, committed 19072K, reserved 1048576K
}
Event: 397.011 GC heap after
{Heap after GC invocations=49 (full 0):
 garbage-first heap   total 304128K, used 155601K [0x0000000080000000, 0x0000000100000000)
  region size 1024K, 14 young (14336K), 14 survivors (14336K)
 Metaspace       used 138899K, committed 139968K, reserved 1179648K
  class space    used 18560K, committed 19072K, reserved 1048576K
}
Event: 400.652 GC heap before
{Heap before GC invocations=49 (full 0):
 garbage-first heap   total 304128K, used 254929K [0x0000000080000000, 0x0000000100000000)
  region size 1024K, 107 young (109568K), 14 survivors (14336K)
 Metaspace       used 140529K, committed 141568K, reserved 1179648K
  class space    used 18681K, committed 19200K, reserved 1048576K
}
Event: 400.665 GC heap after
{Heap after GC invocations=50 (full 0):
 garbage-first heap   total 304128K, used 163328K [0x0000000080000000, 0x0000000100000000)
  region size 1024K, 8 young (8192K), 8 survivors (8192K)
 Metaspace       used 140529K, committed 141568K, reserved 1179648K
  class space    used 18681K, committed 19200K, reserved 1048576K
}
Event: 401.715 GC heap before
{Heap before GC invocations=50 (full 0):
 garbage-first heap   total 304128K, used 252416K [0x0000000080000000, 0x0000000100000000)
  region size 1024K, 94 young (96256K), 8 survivors (8192K)
 Metaspace       used 142476K, committed 143552K, reserved 1179648K
  class space    used 18950K, committed 19456K, reserved 1048576K
}
Event: 401.725 GC heap after
{Heap after GC invocations=51 (full 0):
 garbage-first heap   total 304128K, used 169865K [0x0000000080000000, 0x0000000100000000)
  region size 1024K, 6 young (6144K), 6 survivors (6144K)
 Metaspace       used 142476K, committed 143552K, reserved 1179648K
  class space    used 18950K, committed 19456K, reserved 1048576K
}
Event: 402.429 GC heap before
{Heap before GC invocations=51 (full 0):
 garbage-first heap   total 304128K, used 253833K [0x0000000080000000, 0x0000000100000000)
  region size 1024K, 87 young (89088K), 6 survivors (6144K)
 Metaspace       used 143400K, committed 144448K, reserved 1179648K
  class space    used 19054K, committed 19584K, reserved 1048576K
}
Event: 402.441 GC heap after
{Heap after GC invocations=52 (full 0):
 garbage-first heap   total 304128K, used 177938K [0x0000000080000000, 0x0000000100000000)
  region size 1024K, 11 young (11264K), 11 survivors (11264K)
 Metaspace       used 143400K, committed 144448K, reserved 1179648K
  class space    used 19054K, committed 19584K, reserved 1048576K
}
Event: 402.806 GC heap before
{Heap before GC invocations=52 (full 0):
 garbage-first heap   total 304128K, used 214802K [0x0000000080000000, 0x0000000100000000)
  region size 1024K, 47 young (48128K), 11 survivors (11264K)
 Metaspace       used 144234K, committed 145216K, reserved 1179648K
  class space    used 19070K, committed 19584K, reserved 1048576K
}
Event: 402.816 GC heap after
{Heap after GC invocations=53 (full 0):
 garbage-first heap   total 304128K, used 189973K [0x0000000080000000, 0x0000000100000000)
  region size 1024K, 10 young (10240K), 10 survivors (10240K)
 Metaspace       used 144234K, committed 145216K, reserved 1179648K
  class space    used 19070K, committed 19584K, reserved 1048576K
}

