# JRE version: OpenJDK Runtime Environment (17.0.9) (build 17.0.9+0--11185874)
# Java VM: OpenJDK 64-Bit Server VM (17.0.9+0--11185874, mixed mode, tiered, compressed oops, compressed class ptrs, g1 gc, windows-amd64)
GC Precious Log:
 CPUs: 4 total, 4 available
 Memory: 8123M
 Large Page Support: Disabled
 NUMA Support: Disabled
 Compressed Oops: Enabled (32-bit)
 Heap Region Size: 1M
 Heap Min Capacity: 8M
 Heap Initial Capacity: 128M
 Heap Max Capacity: 2G
 Pre-touch: Disabled
 Parallel Workers: 4
 Concurrent Workers: 1
 Concurrent Refinement Workers: 4
 Periodic GC: Disabled
Heap:
 garbage-first heap   total 136192K, used 63468K [0x0000000080000000, 0x0000000100000000)
  region size 1024K, 1 young (1024K), 1 survivors (1024K)
 Metaspace       used 60946K, committed 61568K, reserved 1114112K
  class space    used 8238K, committed 8512K, reserved 1048576K
GC Heap History (20 events):
Event: 6.071 GC heap after
{Heap after GC invocations=14 (full 0):
 garbage-first heap   total 86016K, used 34858K [0x0000000080000000, 0x0000000100000000)
  region size 1024K, 3 young (3072K), 3 survivors (3072K)
 Metaspace       used 48530K, committed 49024K, reserved 1114112K
  class space    used 6397K, committed 6656K, reserved 1048576K
}
Event: 6.739 GC heap before
{Heap before GC invocations=15 (full 0):
 garbage-first heap   total 86016K, used 65578K [0x0000000080000000, 0x0000000100000000)
  region size 1024K, 34 young (34816K), 3 survivors (3072K)
 Metaspace       used 52647K, committed 53120K, reserved 1114112K
  class space    used 7038K, committed 7232K, reserved 1048576K
}
Event: 6.742 GC heap after
{Heap after GC invocations=16 (full 0):
 garbage-first heap   total 86016K, used 36608K [0x0000000080000000, 0x0000000100000000)
  region size 1024K, 5 young (5120K), 5 survivors (5120K)
 Metaspace       used 52647K, committed 53120K, reserved 1114112K
  class space    used 7038K, committed 7232K, reserved 1048576K
}
Event: 6.755 GC heap before
{Heap before GC invocations=16 (full 0):
 garbage-first heap   total 86016K, used 37632K [0x0000000080000000, 0x0000000100000000)
  region size 1024K, 6 young (6144K), 5 survivors (5120K)
 Metaspace       used 52742K, committed 53184K, reserved 1114112K
  class space    used 7052K, committed 7232K, reserved 1048576K
}
Event: 6.759 GC heap after
{Heap after GC invocations=17 (full 0):
 garbage-first heap   total 86016K, used 36846K [0x0000000080000000, 0x0000000100000000)
  region size 1024K, 1 young (1024K), 1 survivors (1024K)
 Metaspace       used 52742K, committed 53184K, reserved 1114112K
  class space    used 7052K, committed 7232K, reserved 1048576K
}
Event: 7.523 GC heap before
{Heap before GC invocations=17 (full 0):
 garbage-first heap   total 86016K, used 67566K [0x0000000080000000, 0x0000000100000000)
  region size 1024K, 31 young (31744K), 1 survivors (1024K)
 Metaspace       used 56328K, committed 56832K, reserved 1114112K
  class space    used 7639K, committed 7872K, reserved 1048576K
}
Event: 7.525 GC heap after
{Heap after GC invocations=18 (full 0):
 garbage-first heap   total 86016K, used 37913K [0x0000000080000000, 0x0000000100000000)
  region size 1024K, 2 young (2048K), 2 survivors (2048K)
 Metaspace       used 56328K, committed 56832K, reserved 1114112K
  class space    used 7639K, committed 7872K, reserved 1048576K
}
Event: 8.385 GC heap before
{Heap before GC invocations=18 (full 0):
 garbage-first heap   total 86016K, used 68633K [0x0000000080000000, 0x0000000100000000)
  region size 1024K, 32 young (32768K), 2 survivors (2048K)
 Metaspace       used 58012K, committed 58560K, reserved 1114112K
  class space    used 7834K, committed 8064K, reserved 1048576K
}
Event: 8.391 GC heap after
{Heap after GC invocations=19 (full 0):
 garbage-first heap   total 86016K, used 41650K [0x0000000080000000, 0x0000000100000000)
  region size 1024K, 4 young (4096K), 4 survivors (4096K)
 Metaspace       used 58012K, committed 58560K, reserved 1114112K
  class space    used 7834K, committed 8064K, reserved 1048576K
}
Event: 8.527 GC heap before
{Heap before GC invocations=19 (full 0):
 garbage-first heap   total 86016K, used 49842K [0x0000000080000000, 0x0000000100000000)
  region size 1024K, 13 young (13312K), 4 survivors (4096K)
 Metaspace       used 58283K, committed 58816K, reserved 1114112K
  class space    used 7869K, committed 8128K, reserved 1048576K
}
Event: 8.532 GC heap after
{Heap after GC invocations=20 (full 0):
 garbage-first heap   total 86016K, used 43559K [0x0000000080000000, 0x0000000100000000)
  region size 1024K, 1 young (1024K), 1 survivors (1024K)
 Metaspace       used 58283K, committed 58816K, reserved 1114112K
  class space    used 7869K, committed 8128K, reserved 1048576K
}
Event: 8.954 GC heap before
{Heap before GC invocations=21 (full 0):
 garbage-first heap   total 86016K, used 79399K [0x0000000080000000, 0x0000000100000000)
  region size 1024K, 26 young (26624K), 1 survivors (1024K)
 Metaspace       used 59452K, committed 59968K, reserved 1114112K
  class space    used 8029K, committed 8256K, reserved 1048576K
}
Event: 8.958 GC heap after
{Heap after GC invocations=22 (full 0):
 garbage-first heap   total 91136K, used 62809K [0x0000000080000000, 0x0000000100000000)
  region size 1024K, 4 young (4096K), 4 survivors (4096K)
 Metaspace       used 59452K, committed 59968K, reserved 1114112K
  class space    used 8029K, committed 8256K, reserved 1048576K
}
Event: 8.967 GC heap before
{Heap before GC invocations=22 (full 0):
 garbage-first heap   total 91136K, used 62809K [0x0000000080000000, 0x0000000100000000)
  region size 1024K, 5 young (5120K), 4 survivors (4096K)
 Metaspace       used 59498K, committed 60032K, reserved 1114112K
  class space    used 8033K, committed 8256K, reserved 1048576K
}
Event: 8.970 GC heap after
{Heap after GC invocations=23 (full 0):
 garbage-first heap   total 91136K, used 62367K [0x0000000080000000, 0x0000000100000000)
  region size 1024K, 1 young (1024K), 1 survivors (1024K)
 Metaspace       used 59498K, committed 60032K, reserved 1114112K
  class space    used 8033K, committed 8256K, reserved 1048576K
}
Event: 8.978 GC heap before
{Heap before GC invocations=23 (full 0):
 garbage-first heap   total 91136K, used 62367K [0x0000000080000000, 0x0000000100000000)
  region size 1024K, 2 young (2048K), 1 survivors (1024K)
 Metaspace       used 59556K, committed 60096K, reserved 1114112K
  class space    used 8035K, committed 8256K, reserved 1048576K
}
Event: 8.979 GC heap after
{Heap after GC invocations=24 (full 0):
 garbage-first heap   total 91136K, used 62216K [0x0000000080000000, 0x0000000100000000)
  region size 1024K, 1 young (1024K), 1 survivors (1024K)
 Metaspace       used 59556K, committed 60096K, reserved 1114112K
  class space    used 8035K, committed 8256K, reserved 1048576K
}
Event: 9.162 GC heap before
{Heap before GC invocations=25 (full 0):
 garbage-first heap   total 114688K, used 77576K [0x0000000080000000, 0x0000000100000000)
  region size 1024K, 15 young (15360K), 1 survivors (1024K)
 Metaspace       used 60637K, committed 61248K, reserved 1114112K
  class space    used 8185K, committed 8448K, reserved 1048576K
}
Event: 9.164 GC heap after
{Heap after GC invocations=26 (full 0):
 garbage-first heap   total 114688K, used 63726K [0x0000000080000000, 0x0000000100000000)
  region size 1024K, 1 young (1024K), 1 survivors (1024K)
 Metaspace       used 60637K, committed 61248K, reserved 1114112K
  class space    used 8185K, committed 8448K, reserved 1048576K
}
Event: 9.206 GC heap before
{Heap before GC invocations=26 (full 0):
 garbage-first heap   total 114688K, used 67822K [0x0000000080000000, 0x0000000100000000)
  region size 1024K, 5 young (5120K), 1 survivors (1024K)
 Metaspace       used 60946K, committed 61568K, reserved 1114112K
  class space    used 8238K, committed 8512K, reserved 1048576K
}

