# JRE version: OpenJDK Runtime Environment (17.0.9) (build 17.0.9+0--11185874)
# Java VM: OpenJDK 64-Bit Server VM (17.0.9+0--11185874, mixed mode, tiered, compressed oops, compressed class ptrs, g1 gc, windows-amd64)
GC Precious Log:
 CPUs: 4 total, 4 available
 Memory: 8123M
 Large Page Support: Disabled
 NUMA Support: Disabled
 Compressed Oops: Enabled (32-bit)
 Heap Region Size: 1M
 Heap Min Capacity: 8M
 Heap Initial Capacity: 128M
 Heap Max Capacity: 2G
 Pre-touch: Disabled
 Parallel Workers: 4
 Concurrent Workers: 1
 Concurrent Refinement Workers: 4
 Periodic GC: Disabled
Heap:
 garbage-first heap   total 157696K, used 95463K [0x0000000080000000, 0x0000000100000000)
  region size 1024K, 27 young (27648K), 4 survivors (4096K)
 Metaspace       used 72505K, committed 73152K, reserved 1114112K
  class space    used 9733K, committed 10048K, reserved 1048576K
GC Heap History (20 events):
Event: 10.279 GC heap before
{Heap before GC invocations=20 (full 0):
 garbage-first heap   total 68608K, used 54697K [0x0000000080000000, 0x0000000100000000)
  region size 1024K, 19 young (19456K), 1 survivors (1024K)
 Metaspace       used 55713K, committed 56256K, reserved 1114112K
  class space    used 7564K, committed 7808K, reserved 1048576K
}
Event: 10.281 GC heap after
{Heap after GC invocations=21 (full 0):
 garbage-first heap   total 68608K, used 36960K [0x0000000080000000, 0x0000000100000000)
  region size 1024K, 2 young (2048K), 2 survivors (2048K)
 Metaspace       used 55713K, committed 56256K, reserved 1114112K
  class space    used 7564K, committed 7808K, reserved 1048576K
}
Event: 10.895 GC heap before
{Heap before GC invocations=22 (full 0):
 garbage-first heap   total 68608K, used 55392K [0x0000000080000000, 0x0000000100000000)
  region size 1024K, 20 young (20480K), 2 survivors (2048K)
 Metaspace       used 57490K, committed 58048K, reserved 1114112K
  class space    used 7808K, committed 8064K, reserved 1048576K
}
Event: 10.899 GC heap after
{Heap after GC invocations=23 (full 0):
 garbage-first heap   total 68608K, used 39041K [0x0000000080000000, 0x0000000100000000)
  region size 1024K, 3 young (3072K), 3 survivors (3072K)
 Metaspace       used 57490K, committed 58048K, reserved 1114112K
  class space    used 7808K, committed 8064K, reserved 1048576K
}
Event: 11.155 GC heap before
{Heap before GC invocations=23 (full 0):
 garbage-first heap   total 68608K, used 54401K [0x0000000080000000, 0x0000000100000000)
  region size 1024K, 19 young (19456K), 3 survivors (3072K)
 Metaspace       used 57953K, committed 58560K, reserved 1114112K
  class space    used 7843K, committed 8128K, reserved 1048576K
}
Event: 11.161 GC heap after
{Heap after GC invocations=24 (full 0):
 garbage-first heap   total 68608K, used 41603K [0x0000000080000000, 0x0000000100000000)
  region size 1024K, 3 young (3072K), 3 survivors (3072K)
 Metaspace       used 57953K, committed 58560K, reserved 1114112K
  class space    used 7843K, committed 8128K, reserved 1048576K
}
Event: 11.339 GC heap before
{Heap before GC invocations=25 (full 0):
 garbage-first heap   total 78848K, used 62083K [0x0000000080000000, 0x0000000100000000)
  region size 1024K, 16 young (16384K), 3 survivors (3072K)
 Metaspace       used 58272K, committed 58880K, reserved 1114112K
  class space    used 7883K, committed 8192K, reserved 1048576K
}
Event: 11.343 GC heap after
{Heap after GC invocations=26 (full 0):
 garbage-first heap   total 78848K, used 52183K [0x0000000080000000, 0x0000000100000000)
  region size 1024K, 2 young (2048K), 2 survivors (2048K)
 Metaspace       used 58272K, committed 58880K, reserved 1114112K
  class space    used 7883K, committed 8192K, reserved 1048576K
}
Event: 11.355 GC heap before
{Heap before GC invocations=26 (full 0):
 garbage-first heap   total 78848K, used 56279K [0x0000000080000000, 0x0000000100000000)
  region size 1024K, 3 young (3072K), 2 survivors (2048K)
 Metaspace       used 58275K, committed 58880K, reserved 1114112K
  class space    used 7883K, committed 8192K, reserved 1048576K
}
Event: 11.357 GC heap after
{Heap after GC invocations=27 (full 0):
 garbage-first heap   total 78848K, used 57480K [0x0000000080000000, 0x0000000100000000)
  region size 1024K, 1 young (1024K), 1 survivors (1024K)
 Metaspace       used 58275K, committed 58880K, reserved 1114112K
  class space    used 7883K, committed 8192K, reserved 1048576K
}
Event: 11.362 GC heap before
{Heap before GC invocations=27 (full 0):
 garbage-first heap   total 78848K, used 57480K [0x0000000080000000, 0x0000000100000000)
  region size 1024K, 3 young (3072K), 1 survivors (1024K)
 Metaspace       used 58275K, committed 58880K, reserved 1114112K
  class space    used 7883K, committed 8192K, reserved 1048576K
}
Event: 11.364 GC heap after
{Heap after GC invocations=28 (full 0):
 garbage-first heap   total 157696K, used 58934K [0x0000000080000000, 0x0000000100000000)
  region size 1024K, 1 young (1024K), 1 survivors (1024K)
 Metaspace       used 58275K, committed 58880K, reserved 1114112K
  class space    used 7883K, committed 8192K, reserved 1048576K
}
Event: 11.776 GC heap before
{Heap before GC invocations=28 (full 0):
 garbage-first heap   total 157696K, used 97846K [0x0000000080000000, 0x0000000100000000)
  region size 1024K, 36 young (36864K), 1 survivors (1024K)
 Metaspace       used 60752K, committed 61376K, reserved 1114112K
  class space    used 8211K, committed 8512K, reserved 1048576K
}
Event: 11.778 GC heap after
{Heap after GC invocations=29 (full 0):
 garbage-first heap   total 157696K, used 63775K [0x0000000080000000, 0x0000000100000000)
  region size 1024K, 4 young (4096K), 4 survivors (4096K)
 Metaspace       used 60752K, committed 61376K, reserved 1114112K
  class space    used 8211K, committed 8512K, reserved 1048576K
}
Event: 12.321 GC heap before
{Heap before GC invocations=29 (full 0):
 garbage-first heap   total 157696K, used 100639K [0x0000000080000000, 0x0000000100000000)
  region size 1024K, 40 young (40960K), 4 survivors (4096K)
 Metaspace       used 64478K, committed 65024K, reserved 1114112K
  class space    used 8652K, committed 8896K, reserved 1048576K
}
Event: 12.326 GC heap after
{Heap after GC invocations=30 (full 0):
 garbage-first heap   total 157696K, used 65042K [0x0000000080000000, 0x0000000100000000)
  region size 1024K, 1 young (1024K), 1 survivors (1024K)
 Metaspace       used 64478K, committed 65024K, reserved 1114112K
  class space    used 8652K, committed 8896K, reserved 1048576K
}
Event: 13.005 GC heap before
{Heap before GC invocations=30 (full 0):
 garbage-first heap   total 157696K, used 110098K [0x0000000080000000, 0x0000000100000000)
  region size 1024K, 41 young (41984K), 1 survivors (1024K)
 Metaspace       used 68482K, committed 69184K, reserved 1114112K
  class space    used 9209K, committed 9536K, reserved 1048576K
}
Event: 13.012 GC heap after
{Heap after GC invocations=31 (full 0):
 garbage-first heap   total 157696K, used 73697K [0x0000000080000000, 0x0000000100000000)
  region size 1024K, 6 young (6144K), 6 survivors (6144K)
 Metaspace       used 68482K, committed 69184K, reserved 1114112K
  class space    used 9209K, committed 9536K, reserved 1048576K
}
Event: 13.922 GC heap before
{Heap before GC invocations=31 (full 0):
 garbage-first heap   total 157696K, used 113633K [0x0000000080000000, 0x0000000100000000)
  region size 1024K, 43 young (44032K), 6 survivors (6144K)
 Metaspace       used 70905K, committed 71488K, reserved 1114112K
  class space    used 9539K, committed 9792K, reserved 1048576K
}
Event: 13.928 GC heap after
{Heap after GC invocations=32 (full 0):
 garbage-first heap   total 157696K, used 72935K [0x0000000080000000, 0x0000000100000000)
  region size 1024K, 4 young (4096K), 4 survivors (4096K)
 Metaspace       used 70905K, committed 71488K, reserved 1114112K
  class space    used 9539K, committed 9792K, reserved 1048576K
}

