# JRE version: OpenJDK Runtime Environment (17.0.9) (build 17.0.9+0--11185874)
# Java VM: OpenJDK 64-Bit Server VM (17.0.9+0--11185874, mixed mode, tiered, compressed oops, compressed class ptrs, g1 gc, windows-amd64)
GC Precious Log:
 CPUs: 4 total, 4 available
 Memory: 8123M
 Large Page Support: Disabled
 NUMA Support: Disabled
 Compressed Oops: Enabled (32-bit)
 Heap Region Size: 1M
 Heap Min Capacity: 8M
 Heap Initial Capacity: 128M
 Heap Max Capacity: 2G
 Pre-touch: Disabled
 Parallel Workers: 4
 Concurrent Workers: 1
 Concurrent Refinement Workers: 4
 Periodic GC: Disabled
Heap:
 garbage-first heap   total 131072K, used 62077K [0x0000000080000000, 0x0000000100000000)
  region size 1024K, 1 young (1024K), 1 survivors (1024K)
 Metaspace       used 60262K, committed 60864K, reserved 1114112K
  class space    used 8139K, committed 8448K, reserved 1048576K
GC Heap History (20 events):
Event: 2.927 GC heap after
{Heap after GC invocations=9 (full 0):
 garbage-first heap   total 109568K, used 23721K [0x0000000080000000, 0x0000000100000000)
  region size 1024K, 4 young (4096K), 4 survivors (4096K)
 Metaspace       used 35880K, committed 36160K, reserved 1114112K
  class space    used 4922K, committed 5056K, reserved 1048576K
}
Event: 3.423 GC heap before
{Heap before GC invocations=10 (full 0):
 garbage-first heap   total 86016K, used 69801K [0x0000000080000000, 0x0000000100000000)
  region size 1024K, 50 young (51200K), 4 survivors (4096K)
 Metaspace       used 42322K, committed 42624K, reserved 1114112K
  class space    used 5633K, committed 5760K, reserved 1048576K
}
Event: 3.429 GC heap after
{Heap after GC invocations=11 (full 0):
 garbage-first heap   total 86016K, used 28315K [0x0000000080000000, 0x0000000100000000)
  region size 1024K, 7 young (7168K), 7 survivors (7168K)
 Metaspace       used 42322K, committed 42624K, reserved 1114112K
  class space    used 5633K, committed 5760K, reserved 1048576K
}
Event: 3.441 GC heap before
{Heap before GC invocations=11 (full 0):
 garbage-first heap   total 86016K, used 29339K [0x0000000080000000, 0x0000000100000000)
  region size 1024K, 8 young (8192K), 7 survivors (7168K)
 Metaspace       used 42469K, committed 42816K, reserved 1114112K
  class space    used 5649K, committed 5824K, reserved 1048576K
}
Event: 3.447 GC heap after
{Heap after GC invocations=12 (full 0):
 garbage-first heap   total 86016K, used 29144K [0x0000000080000000, 0x0000000100000000)
  region size 1024K, 1 young (1024K), 1 survivors (1024K)
 Metaspace       used 42469K, committed 42816K, reserved 1114112K
  class space    used 5649K, committed 5824K, reserved 1048576K
}
Event: 3.838 GC heap before
{Heap before GC invocations=12 (full 0):
 garbage-first heap   total 86016K, used 72152K [0x0000000080000000, 0x0000000100000000)
  region size 1024K, 37 young (37888K), 1 survivors (1024K)
 Metaspace       used 46268K, committed 46656K, reserved 1114112K
  class space    used 6004K, committed 6144K, reserved 1048576K
}
Event: 3.842 GC heap after
{Heap after GC invocations=13 (full 0):
 garbage-first heap   total 86016K, used 31672K [0x0000000080000000, 0x0000000100000000)
  region size 1024K, 4 young (4096K), 4 survivors (4096K)
 Metaspace       used 46268K, committed 46656K, reserved 1114112K
  class space    used 6004K, committed 6144K, reserved 1048576K
}
Event: 4.478 GC heap before
{Heap before GC invocations=13 (full 0):
 garbage-first heap   total 86016K, used 65464K [0x0000000080000000, 0x0000000100000000)
  region size 1024K, 37 young (37888K), 4 survivors (4096K)
 Metaspace       used 50246K, committed 50688K, reserved 1114112K
  class space    used 6667K, committed 6912K, reserved 1048576K
}
Event: 4.484 GC heap after
{Heap after GC invocations=14 (full 0):
 garbage-first heap   total 86016K, used 32993K [0x0000000080000000, 0x0000000100000000)
  region size 1024K, 2 young (2048K), 2 survivors (2048K)
 Metaspace       used 50246K, committed 50688K, reserved 1114112K
  class space    used 6667K, committed 6912K, reserved 1048576K
}
Event: 5.036 GC heap before
{Heap before GC invocations=14 (full 0):
 garbage-first heap   total 86016K, used 66785K [0x0000000080000000, 0x0000000100000000)
  region size 1024K, 35 young (35840K), 2 survivors (2048K)
 Metaspace       used 54658K, committed 55104K, reserved 1114112K
  class space    used 7401K, committed 7616K, reserved 1048576K
}
Event: 5.039 GC heap after
{Heap after GC invocations=15 (full 0):
 garbage-first heap   total 86016K, used 35073K [0x0000000080000000, 0x0000000100000000)
  region size 1024K, 4 young (4096K), 4 survivors (4096K)
 Metaspace       used 54658K, committed 55104K, reserved 1114112K
  class space    used 7401K, committed 7616K, reserved 1048576K
}
Event: 5.725 GC heap before
{Heap before GC invocations=15 (full 0):
 garbage-first heap   total 86016K, used 67841K [0x0000000080000000, 0x0000000100000000)
  region size 1024K, 36 young (36864K), 4 survivors (4096K)
 Metaspace       used 57672K, committed 58176K, reserved 1114112K
  class space    used 7818K, committed 8064K, reserved 1048576K
}
Event: 5.732 GC heap after
{Heap after GC invocations=16 (full 0):
 garbage-first heap   total 86016K, used 38558K [0x0000000080000000, 0x0000000100000000)
  region size 1024K, 5 young (5120K), 5 survivors (5120K)
 Metaspace       used 57672K, committed 58176K, reserved 1114112K
  class space    used 7818K, committed 8064K, reserved 1048576K
}
Event: 6.016 GC heap before
{Heap before GC invocations=16 (full 0):
 garbage-first heap   total 86016K, used 64158K [0x0000000080000000, 0x0000000100000000)
  region size 1024K, 28 young (28672K), 5 survivors (5120K)
 Metaspace       used 58273K, committed 58816K, reserved 1114112K
  class space    used 7874K, committed 8128K, reserved 1048576K
}
Event: 6.028 GC heap after
{Heap after GC invocations=17 (full 0):
 garbage-first heap   total 86016K, used 46716K [0x0000000080000000, 0x0000000100000000)
  region size 1024K, 4 young (4096K), 4 survivors (4096K)
 Metaspace       used 58273K, committed 58816K, reserved 1114112K
  class space    used 7874K, committed 8128K, reserved 1048576K
}
Event: 6.233 GC heap before
{Heap before GC invocations=18 (full 0):
 garbage-first heap   total 89088K, used 76412K [0x0000000080000000, 0x0000000100000000)
  region size 1024K, 25 young (25600K), 4 survivors (4096K)
 Metaspace       used 59284K, committed 59904K, reserved 1114112K
  class space    used 8019K, committed 8320K, reserved 1048576K
}
Event: 6.238 GC heap after
{Heap after GC invocations=19 (full 0):
 garbage-first heap   total 89088K, used 60832K [0x0000000080000000, 0x0000000100000000)
  region size 1024K, 4 young (4096K), 4 survivors (4096K)
 Metaspace       used 59284K, committed 59904K, reserved 1114112K
  class space    used 8019K, committed 8320K, reserved 1048576K
}
Event: 6.242 GC heap before
{Heap before GC invocations=19 (full 0):
 garbage-first heap   total 89088K, used 61856K [0x0000000080000000, 0x0000000100000000)
  region size 1024K, 5 young (5120K), 4 survivors (4096K)
 Metaspace       used 59346K, committed 59904K, reserved 1114112K
  class space    used 8026K, committed 8320K, reserved 1048576K
}
Event: 6.247 GC heap after
{Heap after GC invocations=20 (full 0):
 garbage-first heap   total 89088K, used 60520K [0x0000000080000000, 0x0000000100000000)
  region size 1024K, 1 young (1024K), 1 survivors (1024K)
 Metaspace       used 59346K, committed 59904K, reserved 1114112K
  class space    used 8026K, committed 8320K, reserved 1048576K
}
Event: 6.329 GC heap before
{Heap before GC invocations=20 (full 0):
 garbage-first heap   total 89088K, used 73832K [0x0000000080000000, 0x0000000100000000)
  region size 1024K, 14 young (14336K), 1 survivors (1024K)
 Metaspace       used 60262K, committed 60864K, reserved 1114112K
  class space    used 8139K, committed 8448K, reserved 1048576K
}

