# JRE version: OpenJDK Runtime Environment (17.0.9) (build 17.0.9+0--11185874)
# Java VM: OpenJDK 64-Bit Server VM (17.0.9+0--11185874, mixed mode, tiered, compressed oops, compressed class ptrs, g1 gc, windows-amd64)
GC Precious Log:
 CPUs: 4 total, 4 available
 Memory: 8123M
 Large Page Support: Disabled
 NUMA Support: Disabled
 Compressed Oops: Enabled (32-bit)
 Heap Region Size: 1M
 Heap Min Capacity: 8M
 Heap Initial Capacity: 128M
 Heap Max Capacity: 2G
 Pre-touch: Disabled
 Parallel Workers: 4
 Concurrent Workers: 1
 Concurrent Refinement Workers: 4
 Periodic GC: Disabled
Heap:
 garbage-first heap   total 82944K, used 45761K [0x0000000080000000, 0x0000000100000000)
  region size 1024K, 16 young (16384K), 4 survivors (4096K)
 Metaspace       used 50047K, committed 50560K, reserved 1114112K
  class space    used 6635K, committed 6848K, reserved 1048576K
GC Heap History (20 events):
Event: 1.529 GC heap before
{Heap before GC invocations=2 (full 0):
 garbage-first heap   total 131072K, used 34466K [0x0000000080000000, 0x0000000100000000)
  region size 1024K, 27 young (27648K), 3 survivors (3072K)
 Metaspace       used 11537K, committed 11712K, reserved 1114112K
  class space    used 1200K, committed 1280K, reserved 1048576K
}
Event: 1.534 GC heap after
{Heap after GC invocations=3 (full 0):
 garbage-first heap   total 131072K, used 13396K [0x0000000080000000, 0x0000000100000000)
  region size 1024K, 3 young (3072K), 3 survivors (3072K)
 Metaspace       used 11537K, committed 11712K, reserved 1114112K
  class space    used 1200K, committed 1280K, reserved 1048576K
}
Event: 3.849 GC heap before
{Heap before GC invocations=3 (full 0):
 garbage-first heap   total 131072K, used 58452K [0x0000000080000000, 0x0000000100000000)
  region size 1024K, 47 young (48128K), 3 survivors (3072K)
 Metaspace       used 21339K, committed 21504K, reserved 1114112K
  class space    used 2523K, committed 2624K, reserved 1048576K
}
Event: 3.858 GC heap after
{Heap after GC invocations=4 (full 0):
 garbage-first heap   total 131072K, used 19187K [0x0000000080000000, 0x0000000100000000)
  region size 1024K, 8 young (8192K), 8 survivors (8192K)
 Metaspace       used 21339K, committed 21504K, reserved 1114112K
  class space    used 2523K, committed 2624K, reserved 1048576K
}
Event: 4.983 GC heap before
{Heap before GC invocations=5 (full 0):
 garbage-first heap   total 68608K, used 51955K [0x0000000080000000, 0x0000000100000000)
  region size 1024K, 40 young (40960K), 8 survivors (8192K)
 Metaspace       used 26421K, committed 26688K, reserved 1114112K
  class space    used 3388K, committed 3520K, reserved 1048576K
}
Event: 4.991 GC heap after
{Heap after GC invocations=6 (full 0):
 garbage-first heap   total 68608K, used 20894K [0x0000000080000000, 0x0000000100000000)
  region size 1024K, 2 young (2048K), 2 survivors (2048K)
 Metaspace       used 26421K, committed 26688K, reserved 1114112K
  class space    used 3388K, committed 3520K, reserved 1048576K
}
Event: 5.942 GC heap before
{Heap before GC invocations=6 (full 0):
 garbage-first heap   total 68608K, used 48542K [0x0000000080000000, 0x0000000100000000)
  region size 1024K, 29 young (29696K), 2 survivors (2048K)
 Metaspace       used 30219K, committed 30528K, reserved 1114112K
  class space    used 4022K, committed 4160K, reserved 1048576K
}
Event: 5.946 GC heap after
{Heap after GC invocations=7 (full 0):
 garbage-first heap   total 68608K, used 22285K [0x0000000080000000, 0x0000000100000000)
  region size 1024K, 4 young (4096K), 4 survivors (4096K)
 Metaspace       used 30219K, committed 30528K, reserved 1114112K
  class space    used 4022K, committed 4160K, reserved 1048576K
}
Event: 6.515 GC heap before
{Heap before GC invocations=7 (full 0):
 garbage-first heap   total 68608K, used 49933K [0x0000000080000000, 0x0000000100000000)
  region size 1024K, 31 young (31744K), 4 survivors (4096K)
 Metaspace       used 33672K, committed 33920K, reserved 1114112K
  class space    used 4562K, committed 4672K, reserved 1048576K
}
Event: 6.522 GC heap after
{Heap after GC invocations=8 (full 0):
 garbage-first heap   total 68608K, used 23400K [0x0000000080000000, 0x0000000100000000)
  region size 1024K, 3 young (3072K), 3 survivors (3072K)
 Metaspace       used 33672K, committed 33920K, reserved 1114112K
  class space    used 4562K, committed 4672K, reserved 1048576K
}
Event: 6.959 GC heap before
{Heap before GC invocations=8 (full 0):
 garbage-first heap   total 68608K, used 35688K [0x0000000080000000, 0x0000000100000000)
  region size 1024K, 16 young (16384K), 3 survivors (3072K)
 Metaspace       used 35811K, committed 36096K, reserved 1114112K
  class space    used 4882K, committed 5056K, reserved 1048576K
}
Event: 6.963 GC heap after
{Heap after GC invocations=9 (full 0):
 garbage-first heap   total 68608K, used 23929K [0x0000000080000000, 0x0000000100000000)
  region size 1024K, 2 young (2048K), 2 survivors (2048K)
 Metaspace       used 35811K, committed 36096K, reserved 1114112K
  class space    used 4882K, committed 5056K, reserved 1048576K
}
Event: 7.540 GC heap before
{Heap before GC invocations=10 (full 0):
 garbage-first heap   total 68608K, used 51577K [0x0000000080000000, 0x0000000100000000)
  region size 1024K, 30 young (30720K), 2 survivors (2048K)
 Metaspace       used 41963K, committed 42368K, reserved 1114112K
  class space    used 5584K, committed 5760K, reserved 1048576K
}
Event: 7.547 GC heap after
{Heap after GC invocations=11 (full 0):
 garbage-first heap   total 68608K, used 28601K [0x0000000080000000, 0x0000000100000000)
  region size 1024K, 4 young (4096K), 4 survivors (4096K)
 Metaspace       used 41963K, committed 42368K, reserved 1114112K
  class space    used 5584K, committed 5760K, reserved 1048576K
}
Event: 8.036 GC heap before
{Heap before GC invocations=11 (full 0):
 garbage-first heap   total 68608K, used 57273K [0x0000000080000000, 0x0000000100000000)
  region size 1024K, 27 young (27648K), 4 survivors (4096K)
 Metaspace       used 43339K, committed 43712K, reserved 1114112K
  class space    used 5657K, committed 5824K, reserved 1048576K
}
Event: 8.042 GC heap after
{Heap after GC invocations=12 (full 0):
 garbage-first heap   total 68608K, used 30587K [0x0000000080000000, 0x0000000100000000)
  region size 1024K, 3 young (3072K), 3 survivors (3072K)
 Metaspace       used 43339K, committed 43712K, reserved 1114112K
  class space    used 5657K, committed 5824K, reserved 1048576K
}
Event: 8.572 GC heap before
{Heap before GC invocations=12 (full 0):
 garbage-first heap   total 68608K, used 53115K [0x0000000080000000, 0x0000000100000000)
  region size 1024K, 25 young (25600K), 3 survivors (3072K)
 Metaspace       used 45257K, committed 45696K, reserved 1114112K
  class space    used 5951K, committed 6144K, reserved 1048576K
}
Event: 8.577 GC heap after
{Heap after GC invocations=13 (full 0):
 garbage-first heap   total 82944K, used 32847K [0x0000000080000000, 0x0000000100000000)
  region size 1024K, 3 young (3072K), 3 survivors (3072K)
 Metaspace       used 45257K, committed 45696K, reserved 1114112K
  class space    used 5951K, committed 6144K, reserved 1048576K
}
Event: 9.450 GC heap before
{Heap before GC invocations=13 (full 0):
 garbage-first heap   total 82944K, used 64591K [0x0000000080000000, 0x0000000100000000)
  region size 1024K, 33 young (33792K), 3 survivors (3072K)
 Metaspace       used 48624K, committed 49152K, reserved 1114112K
  class space    used 6418K, committed 6656K, reserved 1048576K
}
Event: 9.456 GC heap after
{Heap after GC invocations=14 (full 0):
 garbage-first heap   total 82944K, used 34497K [0x0000000080000000, 0x0000000100000000)
  region size 1024K, 4 young (4096K), 4 survivors (4096K)
 Metaspace       used 48624K, committed 49152K, reserved 1114112K
  class space    used 6418K, committed 6656K, reserved 1048576K
}

