# JRE version: OpenJDK Runtime Environment (17.0.9) (build 17.0.9+0--11185874)
# Java VM: OpenJDK 64-Bit Server VM (17.0.9+0--11185874, mixed mode, tiered, compressed oops, compressed class ptrs, g1 gc, windows-amd64)
GC Precious Log:
 CPUs: 4 total, 4 available
 Memory: 8123M
 Large Page Support: Disabled
 NUMA Support: Disabled
 Compressed Oops: Enabled (32-bit)
 Heap Region Size: 1M
 Heap Min Capacity: 8M
 Heap Initial Capacity: 128M
 Heap Max Capacity: 2G
 Pre-touch: Disabled
 Parallel Workers: 4
 Concurrent Workers: 1
 Concurrent Refinement Workers: 4
 Periodic GC: Disabled
Heap:
 garbage-first heap   total 322560K, used 252085K [0x0000000080000000, 0x0000000100000000)
  region size 1024K, 24 young (24576K), 5 survivors (5120K)
 Metaspace       used 194570K, committed 195712K, reserved 1245184K
  class space    used 25051K, committed 25600K, reserved 1048576K
GC Heap History (20 events):
Event: 33.356 GC heap before
{Heap before GC invocations=44 (full 0):
 garbage-first heap   total 322560K, used 273359K [0x0000000080000000, 0x0000000100000000)
  region size 1024K, 93 young (95232K), 13 survivors (13312K)
 Metaspace       used 173446K, committed 174528K, reserved 1245184K
  class space    used 22602K, committed 23104K, reserved 1048576K
}
Event: 33.372 GC heap after
{Heap after GC invocations=45 (full 0):
 garbage-first heap   total 322560K, used 196371K [0x0000000080000000, 0x0000000100000000)
  region size 1024K, 10 young (10240K), 10 survivors (10240K)
 Metaspace       used 173446K, committed 174528K, reserved 1245184K
  class space    used 22602K, committed 23104K, reserved 1048576K
}
Event: 34.728 GC heap before
{Heap before GC invocations=45 (full 0):
 garbage-first heap   total 322560K, used 266003K [0x0000000080000000, 0x0000000100000000)
  region size 1024K, 79 young (80896K), 10 survivors (10240K)
 Metaspace       used 175206K, committed 176192K, reserved 1245184K
  class space    used 22761K, committed 23232K, reserved 1048576K
}
Event: 34.745 GC heap after
{Heap after GC invocations=46 (full 0):
 garbage-first heap   total 322560K, used 212480K [0x0000000080000000, 0x0000000100000000)
  region size 1024K, 10 young (10240K), 10 survivors (10240K)
 Metaspace       used 175206K, committed 176192K, reserved 1245184K
  class space    used 22761K, committed 23232K, reserved 1048576K
}
Event: 35.449 GC heap before
{Heap before GC invocations=46 (full 0):
 garbage-first heap   total 322560K, used 273920K [0x0000000080000000, 0x0000000100000000)
  region size 1024K, 63 young (64512K), 10 survivors (10240K)
 Metaspace       used 176702K, committed 177728K, reserved 1245184K
  class space    used 22891K, committed 23360K, reserved 1048576K
}
Event: 35.462 GC heap after
{Heap after GC invocations=47 (full 0):
 garbage-first heap   total 322560K, used 219628K [0x0000000080000000, 0x0000000100000000)
  region size 1024K, 7 young (7168K), 7 survivors (7168K)
 Metaspace       used 176702K, committed 177728K, reserved 1245184K
  class space    used 22891K, committed 23360K, reserved 1048576K
}
Event: 36.065 GC heap before
{Heap before GC invocations=47 (full 0):
 garbage-first heap   total 322560K, used 267756K [0x0000000080000000, 0x0000000100000000)
  region size 1024K, 55 young (56320K), 7 survivors (7168K)
 Metaspace       used 179386K, committed 180416K, reserved 1245184K
  class space    used 23132K, committed 23616K, reserved 1048576K
}
Event: 36.073 GC heap after
{Heap after GC invocations=48 (full 0):
 garbage-first heap   total 322560K, used 222407K [0x0000000080000000, 0x0000000100000000)
  region size 1024K, 3 young (3072K), 3 survivors (3072K)
 Metaspace       used 179386K, committed 180416K, reserved 1245184K
  class space    used 23132K, committed 23616K, reserved 1048576K
}
Event: 36.693 GC heap before
{Heap before GC invocations=48 (full 0):
 garbage-first heap   total 322560K, used 270535K [0x0000000080000000, 0x0000000100000000)
  region size 1024K, 51 young (52224K), 3 survivors (3072K)
 Metaspace       used 180456K, committed 181440K, reserved 1245184K
  class space    used 23246K, committed 23680K, reserved 1048576K
}
Event: 36.698 GC heap after
{Heap after GC invocations=49 (full 0):
 garbage-first heap   total 322560K, used 221596K [0x0000000080000000, 0x0000000100000000)
  region size 1024K, 2 young (2048K), 2 survivors (2048K)
 Metaspace       used 180456K, committed 181440K, reserved 1245184K
  class space    used 23246K, committed 23680K, reserved 1048576K
}
Event: 38.373 GC heap before
{Heap before GC invocations=49 (full 0):
 garbage-first heap   total 322560K, used 273820K [0x0000000080000000, 0x0000000100000000)
  region size 1024K, 54 young (55296K), 2 survivors (2048K)
 Metaspace       used 187702K, committed 188864K, reserved 1245184K
  class space    used 24159K, committed 24704K, reserved 1048576K
}
Event: 38.380 GC heap after
{Heap after GC invocations=50 (full 0):
 garbage-first heap   total 322560K, used 227269K [0x0000000080000000, 0x0000000100000000)
  region size 1024K, 7 young (7168K), 7 survivors (7168K)
 Metaspace       used 187702K, committed 188864K, reserved 1245184K
  class space    used 24159K, committed 24704K, reserved 1048576K
}
Event: 38.828 GC heap before
{Heap before GC invocations=50 (full 0):
 garbage-first heap   total 322560K, used 273349K [0x0000000080000000, 0x0000000100000000)
  region size 1024K, 53 young (54272K), 7 survivors (7168K)
 Metaspace       used 187867K, committed 188992K, reserved 1245184K
  class space    used 24175K, committed 24704K, reserved 1048576K
}
Event: 38.834 GC heap after
{Heap after GC invocations=51 (full 0):
 garbage-first heap   total 322560K, used 228132K [0x0000000080000000, 0x0000000100000000)
  region size 1024K, 1 young (1024K), 1 survivors (1024K)
 Metaspace       used 187867K, committed 188992K, reserved 1245184K
  class space    used 24175K, committed 24704K, reserved 1048576K
}
Event: 39.890 GC heap before
{Heap before GC invocations=51 (full 0):
 garbage-first heap   total 322560K, used 276260K [0x0000000080000000, 0x0000000100000000)
  region size 1024K, 49 young (50176K), 1 survivors (1024K)
 Metaspace       used 189258K, committed 190400K, reserved 1245184K
  class space    used 24343K, committed 24896K, reserved 1048576K
}
Event: 39.894 GC heap after
{Heap after GC invocations=52 (full 0):
 garbage-first heap   total 322560K, used 229997K [0x0000000080000000, 0x0000000100000000)
  region size 1024K, 3 young (3072K), 3 survivors (3072K)
 Metaspace       used 189258K, committed 190400K, reserved 1245184K
  class space    used 24343K, committed 24896K, reserved 1048576K
}
Event: 40.451 GC heap before
{Heap before GC invocations=52 (full 0):
 garbage-first heap   total 322560K, used 277101K [0x0000000080000000, 0x0000000100000000)
  region size 1024K, 50 young (51200K), 3 survivors (3072K)
 Metaspace       used 190530K, committed 191616K, reserved 1245184K
  class space    used 24484K, committed 25024K, reserved 1048576K
}
Event: 40.457 GC heap after
{Heap after GC invocations=53 (full 0):
 garbage-first heap   total 322560K, used 231740K [0x0000000080000000, 0x0000000100000000)
  region size 1024K, 5 young (5120K), 5 survivors (5120K)
 Metaspace       used 190530K, committed 191616K, reserved 1245184K
  class space    used 24484K, committed 25024K, reserved 1048576K
}
Event: 41.217 GC heap before
{Heap before GC invocations=53 (full 0):
 garbage-first heap   total 322560K, used 277820K [0x0000000080000000, 0x0000000100000000)
  region size 1024K, 51 young (52224K), 5 survivors (5120K)
 Metaspace       used 192824K, committed 193920K, reserved 1245184K
  class space    used 24763K, committed 25280K, reserved 1048576K
}
Event: 41.226 GC heap after
{Heap after GC invocations=54 (full 0):
 garbage-first heap   total 322560K, used 234677K [0x0000000080000000, 0x0000000100000000)
  region size 1024K, 5 young (5120K), 5 survivors (5120K)
 Metaspace       used 192824K, committed 193920K, reserved 1245184K
  class space    used 24763K, committed 25280K, reserved 1048576K
}

