# JRE version: OpenJDK Runtime Environment (17.0.9) (build 17.0.9+0--11185874)
# Java VM: OpenJDK 64-Bit Server VM (17.0.9+0--11185874, mixed mode, tiered, compressed oops, compressed class ptrs, g1 gc, windows-amd64)
GC Precious Log:
 CPUs: 4 total, 4 available
 Memory: 8123M
 Large Page Support: Disabled
 NUMA Support: Disabled
 Compressed Oops: Enabled (32-bit)
 Heap Region Size: 1M
 Heap Min Capacity: 8M
 Heap Initial Capacity: 128M
 Heap Max Capacity: 2G
 Pre-touch: Disabled
 Parallel Workers: 4
 Concurrent Workers: 1
 Concurrent Refinement Workers: 4
 Periodic GC: Disabled
Heap:
 garbage-first heap   total 98304K, used 69841K [0x0000000080000000, 0x0000000100000000)
  region size 1024K, 19 young (19456K), 4 survivors (4096K)
 Metaspace       used 51544K, committed 52096K, reserved 1114112K
  class space    used 6783K, committed 7040K, reserved 1048576K
GC Heap History (20 events):
Event: 4.235 GC heap before
{Heap before GC invocations=7 (full 0):
 garbage-first heap   total 68608K, used 48382K [0x0000000080000000, 0x0000000100000000)
  region size 1024K, 28 young (28672K), 1 survivors (1024K)
 Metaspace       used 30430K, committed 30784K, reserved 1114112K
  class space    used 4061K, committed 4224K, reserved 1048576K
}
Event: 4.238 GC heap after
{Heap after GC invocations=8 (full 0):
 garbage-first heap   total 68608K, used 22186K [0x0000000080000000, 0x0000000100000000)
  region size 1024K, 2 young (2048K), 2 survivors (2048K)
 Metaspace       used 30430K, committed 30784K, reserved 1114112K
  class space    used 4061K, committed 4224K, reserved 1048576K
}
Event: 4.356 GC heap before
{Heap before GC invocations=8 (full 0):
 garbage-first heap   total 68608K, used 37546K [0x0000000080000000, 0x0000000100000000)
  region size 1024K, 11 young (11264K), 2 survivors (2048K)
 Metaspace       used 31271K, committed 31552K, reserved 1114112K
  class space    used 4217K, committed 4352K, reserved 1048576K
}
Event: 4.360 GC heap after
{Heap after GC invocations=9 (full 0):
 garbage-first heap   total 68608K, used 33548K [0x0000000080000000, 0x0000000100000000)
  region size 1024K, 4 young (4096K), 4 survivors (4096K)
 Metaspace       used 31271K, committed 31552K, reserved 1114112K
  class space    used 4217K, committed 4352K, reserved 1048576K
}
Event: 4.717 GC heap before
{Heap before GC invocations=9 (full 0):
 garbage-first heap   total 68608K, used 54028K [0x0000000080000000, 0x0000000100000000)
  region size 1024K, 22 young (22528K), 4 survivors (4096K)
 Metaspace       used 33395K, committed 33792K, reserved 1114112K
  class space    used 4556K, committed 4736K, reserved 1048576K
}
Event: 4.721 GC heap after
{Heap after GC invocations=10 (full 0):
 garbage-first heap   total 68608K, used 38851K [0x0000000080000000, 0x0000000100000000)
  region size 1024K, 3 young (3072K), 3 survivors (3072K)
 Metaspace       used 33395K, committed 33792K, reserved 1114112K
  class space    used 4556K, committed 4736K, reserved 1048576K
}
Event: 5.253 GC heap before
{Heap before GC invocations=10 (full 0):
 garbage-first heap   total 68608K, used 52163K [0x0000000080000000, 0x0000000100000000)
  region size 1024K, 17 young (17408K), 3 survivors (3072K)
 Metaspace       used 35208K, committed 35520K, reserved 1114112K
  class space    used 4843K, committed 4992K, reserved 1048576K
}
Event: 5.256 GC heap after
{Heap after GC invocations=11 (full 0):
 garbage-first heap   total 98304K, used 39346K [0x0000000080000000, 0x0000000100000000)
  region size 1024K, 1 young (1024K), 1 survivors (1024K)
 Metaspace       used 35208K, committed 35520K, reserved 1114112K
  class space    used 4843K, committed 4992K, reserved 1048576K
}
Event: 5.822 GC heap before
{Heap before GC invocations=12 (full 0):
 garbage-first heap   total 98304K, used 72114K [0x0000000080000000, 0x0000000100000000)
  region size 1024K, 33 young (33792K), 1 survivors (1024K)
 Metaspace       used 41896K, committed 42368K, reserved 1114112K
  class space    used 5663K, committed 5888K, reserved 1048576K
}
Event: 5.825 GC heap after
{Heap after GC invocations=13 (full 0):
 garbage-first heap   total 98304K, used 42051K [0x0000000080000000, 0x0000000100000000)
  region size 1024K, 4 young (4096K), 4 survivors (4096K)
 Metaspace       used 41896K, committed 42368K, reserved 1114112K
  class space    used 5663K, committed 5888K, reserved 1048576K
}
Event: 6.244 GC heap before
{Heap before GC invocations=13 (full 0):
 garbage-first heap   total 98304K, used 72771K [0x0000000080000000, 0x0000000100000000)
  region size 1024K, 35 young (35840K), 4 survivors (4096K)
 Metaspace       used 43988K, committed 44352K, reserved 1114112K
  class space    used 5882K, committed 6080K, reserved 1048576K
}
Event: 6.251 GC heap after
{Heap after GC invocations=14 (full 0):
 garbage-first heap   total 98304K, used 45526K [0x0000000080000000, 0x0000000100000000)
  region size 1024K, 4 young (4096K), 4 survivors (4096K)
 Metaspace       used 43988K, committed 44352K, reserved 1114112K
  class space    used 5882K, committed 6080K, reserved 1048576K
}
Event: 6.255 GC heap before
{Heap before GC invocations=14 (full 0):
 garbage-first heap   total 98304K, used 48598K [0x0000000080000000, 0x0000000100000000)
  region size 1024K, 5 young (5120K), 4 survivors (4096K)
 Metaspace       used 43988K, committed 44352K, reserved 1114112K
  class space    used 5882K, committed 6080K, reserved 1048576K
}
Event: 6.257 GC heap after
{Heap after GC invocations=15 (full 0):
 garbage-first heap   total 98304K, used 46919K [0x0000000080000000, 0x0000000100000000)
  region size 1024K, 1 young (1024K), 1 survivors (1024K)
 Metaspace       used 43988K, committed 44352K, reserved 1114112K
  class space    used 5882K, committed 6080K, reserved 1048576K
}
Event: 6.967 GC heap before
{Heap before GC invocations=16 (full 0):
 garbage-first heap   total 98304K, used 78663K [0x0000000080000000, 0x0000000100000000)
  region size 1024K, 30 young (30720K), 1 survivors (1024K)
 Metaspace       used 48306K, committed 48640K, reserved 1114112K
  class space    used 6431K, committed 6592K, reserved 1048576K
}
Event: 6.970 GC heap after
{Heap after GC invocations=17 (full 0):
 garbage-first heap   total 98304K, used 46537K [0x0000000080000000, 0x0000000100000000)
  region size 1024K, 2 young (2048K), 2 survivors (2048K)
 Metaspace       used 48306K, committed 48640K, reserved 1114112K
  class space    used 6431K, committed 6592K, reserved 1048576K
}
Event: 7.323 GC heap before
{Heap before GC invocations=17 (full 0):
 garbage-first heap   total 98304K, used 61897K [0x0000000080000000, 0x0000000100000000)
  region size 1024K, 18 young (18432K), 2 survivors (2048K)
 Metaspace       used 49207K, committed 49664K, reserved 1114112K
  class space    used 6565K, committed 6784K, reserved 1048576K
}
Event: 7.327 GC heap after
{Heap after GC invocations=18 (full 0):
 garbage-first heap   total 98304K, used 48946K [0x0000000080000000, 0x0000000100000000)
  region size 1024K, 5 young (5120K), 5 survivors (5120K)
 Metaspace       used 49207K, committed 49664K, reserved 1114112K
  class space    used 6565K, committed 6784K, reserved 1048576K
}
Event: 7.407 GC heap before
{Heap before GC invocations=19 (full 0):
 garbage-first heap   total 98304K, used 55090K [0x0000000080000000, 0x0000000100000000)
  region size 1024K, 10 young (10240K), 5 survivors (5120K)
 Metaspace       used 49524K, committed 49984K, reserved 1114112K
  class space    used 6590K, committed 6784K, reserved 1048576K
}
Event: 7.411 GC heap after
{Heap after GC invocations=20 (full 0):
 garbage-first heap   total 98304K, used 53457K [0x0000000080000000, 0x0000000100000000)
  region size 1024K, 4 young (4096K), 4 survivors (4096K)
 Metaspace       used 49524K, committed 49984K, reserved 1114112K
  class space    used 6590K, committed 6784K, reserved 1048576K
}

