# JRE version: OpenJDK Runtime Environment (17.0.9) (build 17.0.9+0--11185874)
# Java VM: OpenJDK 64-Bit Server VM (17.0.9+0--11185874, mixed mode, tiered, compressed oops, compressed class ptrs, g1 gc, windows-amd64)
GC Precious Log:
 CPUs: 4 total, 4 available
 Memory: 8123M
 Large Page Support: Disabled
 NUMA Support: Disabled
 Compressed Oops: Enabled (32-bit)
 Heap Region Size: 1M
 Heap Min Capacity: 8M
 Heap Initial Capacity: 128M
 Heap Max Capacity: 2G
 Pre-touch: Disabled
 Parallel Workers: 4
 Concurrent Workers: 1
 Concurrent Refinement Workers: 4
 Periodic GC: Disabled
Heap:
 garbage-first heap   total 128000K, used 91478K [0x0000000080000000, 0x0000000100000000)
  region size 1024K, 36 young (36864K), 8 survivors (8192K)
 Metaspace       used 65756K, committed 66304K, reserved 1114112K
  class space    used 8880K, committed 9088K, reserved 1048576K
GC Heap History (20 events):
Event: 3.709 GC heap before
{Heap before GC invocations=10 (full 0):
 garbage-first heap   total 86016K, used 63924K [0x0000000080000000, 0x0000000100000000)
  region size 1024K, 42 young (43008K), 2 survivors (2048K)
 Metaspace       used 42112K, committed 42432K, reserved 1114112K
  class space    used 5605K, committed 5760K, reserved 1048576K
}
Event: 3.714 GC heap after
{Heap after GC invocations=11 (full 0):
 garbage-first heap   total 86016K, used 28996K [0x0000000080000000, 0x0000000100000000)
  region size 1024K, 6 young (6144K), 6 survivors (6144K)
 Metaspace       used 42112K, committed 42432K, reserved 1114112K
  class space    used 5605K, committed 5760K, reserved 1048576K
}
Event: 4.135 GC heap before
{Heap before GC invocations=11 (full 0):
 garbage-first heap   total 86016K, used 70980K [0x0000000080000000, 0x0000000100000000)
  region size 1024K, 42 young (43008K), 6 survivors (6144K)
 Metaspace       used 46726K, committed 47104K, reserved 1114112K
  class space    used 6209K, committed 6336K, reserved 1048576K
}
Event: 4.143 GC heap after
{Heap after GC invocations=12 (full 0):
 garbage-first heap   total 86016K, used 31329K [0x0000000080000000, 0x0000000100000000)
  region size 1024K, 4 young (4096K), 4 survivors (4096K)
 Metaspace       used 46726K, committed 47104K, reserved 1114112K
  class space    used 6209K, committed 6336K, reserved 1048576K
}
Event: 4.277 GC heap before
{Heap before GC invocations=12 (full 0):
 garbage-first heap   total 86016K, used 65121K [0x0000000080000000, 0x0000000100000000)
  region size 1024K, 37 young (37888K), 4 survivors (4096K)
 Metaspace       used 46903K, committed 47232K, reserved 1114112K
  class space    used 6223K, committed 6336K, reserved 1048576K
}
Event: 4.282 GC heap after
{Heap after GC invocations=13 (full 0):
 garbage-first heap   total 86016K, used 33670K [0x0000000080000000, 0x0000000100000000)
  region size 1024K, 3 young (3072K), 3 survivors (3072K)
 Metaspace       used 46903K, committed 47232K, reserved 1114112K
  class space    used 6223K, committed 6336K, reserved 1048576K
}
Event: 4.391 GC heap before
{Heap before GC invocations=13 (full 0):
 garbage-first heap   total 86016K, used 67462K [0x0000000080000000, 0x0000000100000000)
  region size 1024K, 36 young (36864K), 3 survivors (3072K)
 Metaspace       used 46954K, committed 47296K, reserved 1114112K
  class space    used 6223K, committed 6336K, reserved 1048576K
}
Event: 4.396 GC heap after
{Heap after GC invocations=14 (full 0):
 garbage-first heap   total 86016K, used 35319K [0x0000000080000000, 0x0000000100000000)
  region size 1024K, 4 young (4096K), 4 survivors (4096K)
 Metaspace       used 46954K, committed 47296K, reserved 1114112K
  class space    used 6223K, committed 6336K, reserved 1048576K
}
Event: 4.491 GC heap before
{Heap before GC invocations=14 (full 0):
 garbage-first heap   total 86016K, used 68087K [0x0000000080000000, 0x0000000100000000)
  region size 1024K, 36 young (36864K), 4 survivors (4096K)
 Metaspace       used 46977K, committed 47296K, reserved 1114112K
  class space    used 6228K, committed 6336K, reserved 1048576K
}
Event: 4.496 GC heap after
{Heap after GC invocations=15 (full 0):
 garbage-first heap   total 105472K, used 36796K [0x0000000080000000, 0x0000000100000000)
  region size 1024K, 4 young (4096K), 4 survivors (4096K)
 Metaspace       used 46977K, committed 47296K, reserved 1114112K
  class space    used 6228K, committed 6336K, reserved 1048576K
}
Event: 4.695 GC heap before
{Heap before GC invocations=15 (full 0):
 garbage-first heap   total 105472K, used 83900K [0x0000000080000000, 0x0000000100000000)
  region size 1024K, 50 young (51200K), 4 survivors (4096K)
 Metaspace       used 47338K, committed 47744K, reserved 1114112K
  class space    used 6273K, committed 6464K, reserved 1048576K
}
Event: 4.700 GC heap after
{Heap after GC invocations=16 (full 0):
 garbage-first heap   total 105472K, used 38981K [0x0000000080000000, 0x0000000100000000)
  region size 1024K, 6 young (6144K), 6 survivors (6144K)
 Metaspace       used 47338K, committed 47744K, reserved 1114112K
  class space    used 6273K, committed 6464K, reserved 1048576K
}
Event: 5.351 GC heap before
{Heap before GC invocations=16 (full 0):
 garbage-first heap   total 105472K, used 84037K [0x0000000080000000, 0x0000000100000000)
  region size 1024K, 50 young (51200K), 6 survivors (6144K)
 Metaspace       used 52079K, committed 52544K, reserved 1114112K
  class space    used 6852K, committed 7040K, reserved 1048576K
}
Event: 5.359 GC heap after
{Heap after GC invocations=17 (full 0):
 garbage-first heap   total 105472K, used 42010K [0x0000000080000000, 0x0000000100000000)
  region size 1024K, 6 young (6144K), 6 survivors (6144K)
 Metaspace       used 52079K, committed 52544K, reserved 1114112K
  class space    used 6852K, committed 7040K, reserved 1048576K
}
Event: 5.796 GC heap before
{Heap before GC invocations=17 (full 0):
 garbage-first heap   total 105472K, used 85018K [0x0000000080000000, 0x0000000100000000)
  region size 1024K, 47 young (48128K), 6 survivors (6144K)
 Metaspace       used 56230K, committed 56640K, reserved 1114112K
  class space    used 7429K, committed 7616K, reserved 1048576K
}
Event: 5.802 GC heap after
{Heap after GC invocations=18 (full 0):
 garbage-first heap   total 105472K, used 44297K [0x0000000080000000, 0x0000000100000000)
  region size 1024K, 6 young (6144K), 6 survivors (6144K)
 Metaspace       used 56230K, committed 56640K, reserved 1114112K
  class space    used 7429K, committed 7616K, reserved 1048576K
}
Event: 6.225 GC heap before
{Heap before GC invocations=18 (full 0):
 garbage-first heap   total 105472K, used 76041K [0x0000000080000000, 0x0000000100000000)
  region size 1024K, 38 young (38912K), 6 survivors (6144K)
 Metaspace       used 60259K, committed 60736K, reserved 1114112K
  class space    used 8079K, committed 8320K, reserved 1048576K
}
Event: 6.231 GC heap after
{Heap after GC invocations=19 (full 0):
 garbage-first heap   total 128000K, used 46283K [0x0000000080000000, 0x0000000100000000)
  region size 1024K, 4 young (4096K), 4 survivors (4096K)
 Metaspace       used 60259K, committed 60736K, reserved 1114112K
  class space    used 8079K, committed 8320K, reserved 1048576K
}
Event: 6.973 GC heap before
{Heap before GC invocations=20 (full 0):
 garbage-first heap   total 128000K, used 103627K [0x0000000080000000, 0x0000000100000000)
  region size 1024K, 60 young (61440K), 4 survivors (4096K)
 Metaspace       used 64523K, committed 65024K, reserved 1114112K
  class space    used 8712K, committed 8960K, reserved 1048576K
}
Event: 6.979 GC heap after
{Heap after GC invocations=21 (full 0):
 garbage-first heap   total 128000K, used 51542K [0x0000000080000000, 0x0000000100000000)
  region size 1024K, 8 young (8192K), 8 survivors (8192K)
 Metaspace       used 64523K, committed 65024K, reserved 1114112K
  class space    used 8712K, committed 8960K, reserved 1048576K
}

