# JRE version: OpenJDK Runtime Environment (17.0.9) (build 17.0.9+0--11185874)
# Java VM: OpenJDK 64-Bit Server VM (17.0.9+0--11185874, mixed mode, tiered, compressed oops, compressed class ptrs, g1 gc, windows-amd64)
GC Precious Log:
 CPUs: 4 total, 4 available
 Memory: 8123M
 Large Page Support: Disabled
 NUMA Support: Disabled
 Compressed Oops: Enabled (32-bit)
 Heap Region Size: 1M
 Heap Min Capacity: 8M
 Heap Initial Capacity: 128M
 Heap Max Capacity: 2G
 Pre-touch: Disabled
 Parallel Workers: 4
 Concurrent Workers: 1
 Concurrent Refinement Workers: 4
 Periodic GC: Disabled
Heap:
 garbage-first heap   total 131072K, used 65351K [0x0000000080000000, 0x0000000100000000)
  region size 1024K, 1 young (1024K), 1 survivors (1024K)
 Metaspace       used 64078K, committed 64704K, reserved 1114112K
  class space    used 8611K, committed 8896K, reserved 1048576K
GC Heap History (20 events):
Event: 4.245 GC heap after
{Heap after GC invocations=13 (full 0):
 garbage-first heap   total 86016K, used 34227K [0x0000000080000000, 0x0000000100000000)
  region size 1024K, 3 young (3072K), 3 survivors (3072K)
 Metaspace       used 47158K, committed 47616K, reserved 1114112K
  class space    used 6169K, committed 6400K, reserved 1048576K
}
Event: 4.794 GC heap before
{Heap before GC invocations=13 (full 0):
 garbage-first heap   total 86016K, used 65971K [0x0000000080000000, 0x0000000100000000)
  region size 1024K, 34 young (34816K), 3 survivors (3072K)
 Metaspace       used 50969K, committed 51392K, reserved 1114112K
  class space    used 6782K, committed 6976K, reserved 1048576K
}
Event: 4.801 GC heap after
{Heap after GC invocations=14 (full 0):
 garbage-first heap   total 86016K, used 35172K [0x0000000080000000, 0x0000000100000000)
  region size 1024K, 4 young (4096K), 4 survivors (4096K)
 Metaspace       used 50969K, committed 51392K, reserved 1114112K
  class space    used 6782K, committed 6976K, reserved 1048576K
}
Event: 5.463 GC heap before
{Heap before GC invocations=14 (full 0):
 garbage-first heap   total 86016K, used 66916K [0x0000000080000000, 0x0000000100000000)
  region size 1024K, 35 young (35840K), 4 survivors (4096K)
 Metaspace       used 55058K, committed 55552K, reserved 1114112K
  class space    used 7459K, committed 7680K, reserved 1048576K
}
Event: 5.467 GC heap after
{Heap after GC invocations=15 (full 0):
 garbage-first heap   total 86016K, used 37156K [0x0000000080000000, 0x0000000100000000)
  region size 1024K, 4 young (4096K), 4 survivors (4096K)
 Metaspace       used 55058K, committed 55552K, reserved 1114112K
  class space    used 7459K, committed 7680K, reserved 1048576K
}
Event: 6.145 GC heap before
{Heap before GC invocations=15 (full 0):
 garbage-first heap   total 86016K, used 67876K [0x0000000080000000, 0x0000000100000000)
  region size 1024K, 34 young (34816K), 4 survivors (4096K)
 Metaspace       used 57743K, committed 58304K, reserved 1114112K
  class space    used 7828K, committed 8128K, reserved 1048576K
}
Event: 6.153 GC heap after
{Heap after GC invocations=16 (full 0):
 garbage-first heap   total 86016K, used 40712K [0x0000000080000000, 0x0000000100000000)
  region size 1024K, 5 young (5120K), 5 survivors (5120K)
 Metaspace       used 57743K, committed 58304K, reserved 1114112K
  class space    used 7828K, committed 8128K, reserved 1048576K
}
Event: 6.524 GC heap before
{Heap before GC invocations=16 (full 0):
 garbage-first heap   total 86016K, used 62216K [0x0000000080000000, 0x0000000100000000)
  region size 1024K, 26 young (26624K), 5 survivors (5120K)
 Metaspace       used 58340K, committed 58944K, reserved 1114112K
  class space    used 7883K, committed 8192K, reserved 1048576K
}
Event: 6.529 GC heap after
{Heap after GC invocations=17 (full 0):
 garbage-first heap   total 103424K, used 46475K [0x0000000080000000, 0x0000000100000000)
  region size 1024K, 4 young (4096K), 4 survivors (4096K)
 Metaspace       used 58340K, committed 58944K, reserved 1114112K
  class space    used 7883K, committed 8192K, reserved 1048576K
}
Event: 6.536 GC heap before
{Heap before GC invocations=17 (full 0):
 garbage-first heap   total 103424K, used 48523K [0x0000000080000000, 0x0000000100000000)
  region size 1024K, 5 young (5120K), 4 survivors (4096K)
 Metaspace       used 58348K, committed 58944K, reserved 1114112K
  class space    used 7885K, committed 8192K, reserved 1048576K
}
Event: 6.539 GC heap after
{Heap after GC invocations=18 (full 0):
 garbage-first heap   total 103424K, used 49207K [0x0000000080000000, 0x0000000100000000)
  region size 1024K, 1 young (1024K), 1 survivors (1024K)
 Metaspace       used 58348K, committed 58944K, reserved 1114112K
  class space    used 7885K, committed 8192K, reserved 1048576K
}
Event: 6.764 GC heap before
{Heap before GC invocations=19 (full 0):
 garbage-first heap   total 107520K, used 88119K [0x0000000080000000, 0x0000000100000000)
  region size 1024K, 30 young (30720K), 1 survivors (1024K)
 Metaspace       used 59870K, committed 60416K, reserved 1114112K
  class space    used 8094K, committed 8384K, reserved 1048576K
}
Event: 6.767 GC heap after
{Heap after GC invocations=20 (full 0):
 garbage-first heap   total 107520K, used 64990K [0x0000000080000000, 0x0000000100000000)
  region size 1024K, 4 young (4096K), 4 survivors (4096K)
 Metaspace       used 59870K, committed 60416K, reserved 1114112K
  class space    used 8094K, committed 8384K, reserved 1048576K
}
Event: 6.775 GC heap before
{Heap before GC invocations=20 (full 0):
 garbage-first heap   total 107520K, used 64990K [0x0000000080000000, 0x0000000100000000)
  region size 1024K, 5 young (5120K), 4 survivors (4096K)
 Metaspace       used 59925K, committed 60480K, reserved 1114112K
  class space    used 8102K, committed 8384K, reserved 1048576K
}
Event: 6.777 GC heap after
{Heap after GC invocations=21 (full 0):
 garbage-first heap   total 107520K, used 64467K [0x0000000080000000, 0x0000000100000000)
  region size 1024K, 1 young (1024K), 1 survivors (1024K)
 Metaspace       used 59925K, committed 60480K, reserved 1114112K
  class space    used 8102K, committed 8384K, reserved 1048576K
}
Event: 6.930 GC heap before
{Heap before GC invocations=21 (full 0):
 garbage-first heap   total 107520K, used 85971K [0x0000000080000000, 0x0000000100000000)
  region size 1024K, 22 young (22528K), 1 survivors (1024K)
 Metaspace       used 61649K, committed 62272K, reserved 1114112K
  class space    used 8339K, committed 8640K, reserved 1048576K
}
Event: 6.933 GC heap after
{Heap after GC invocations=22 (full 0):
 garbage-first heap   total 107520K, used 64736K [0x0000000080000000, 0x0000000100000000)
  region size 1024K, 1 young (1024K), 1 survivors (1024K)
 Metaspace       used 61649K, committed 62272K, reserved 1114112K
  class space    used 8339K, committed 8640K, reserved 1048576K
}
Event: 7.148 GC heap before
{Heap before GC invocations=23 (full 0):
 garbage-first heap   total 116736K, used 85216K [0x0000000080000000, 0x0000000100000000)
  region size 1024K, 22 young (22528K), 1 survivors (1024K)
 Metaspace       used 63735K, committed 64448K, reserved 1114112K
  class space    used 8574K, committed 8896K, reserved 1048576K
}
Event: 7.150 GC heap after
{Heap after GC invocations=24 (full 0):
 garbage-first heap   total 116736K, used 65398K [0x0000000080000000, 0x0000000100000000)
  region size 1024K, 2 young (2048K), 2 survivors (2048K)
 Metaspace       used 63735K, committed 64448K, reserved 1114112K
  class space    used 8574K, committed 8896K, reserved 1048576K
}
Event: 7.169 GC heap before
{Heap before GC invocations=24 (full 0):
 garbage-first heap   total 116736K, used 67446K [0x0000000080000000, 0x0000000100000000)
  region size 1024K, 5 young (5120K), 2 survivors (2048K)
 Metaspace       used 64078K, committed 64704K, reserved 1114112K
  class space    used 8611K, committed 8896K, reserved 1048576K
}

