# JRE version: OpenJDK Runtime Environment (17.0.9) (build 17.0.9+0--11185874)
# Java VM: OpenJDK 64-Bit Server VM (17.0.9+0--11185874, mixed mode, tiered, compressed oops, compressed class ptrs, g1 gc, windows-amd64)
GC Precious Log:
 CPUs: 4 total, 4 available
 Memory: 8123M
 Large Page Support: Disabled
 NUMA Support: Disabled
 Compressed Oops: Enabled (32-bit)
 Heap Region Size: 1M
 Heap Min Capacity: 8M
 Heap Initial Capacity: 128M
 Heap Max Capacity: 2G
 Pre-touch: Disabled
 Parallel Workers: 4
 Concurrent Workers: 1
 Concurrent Refinement Workers: 4
 Periodic GC: Disabled
Heap:
 garbage-first heap   total 342016K, used 225920K [0x0000000080000000, 0x0000000100000000)
  region size 1024K, 6 young (6144K), 6 survivors (6144K)
 Metaspace       used 172540K, committed 173504K, reserved 1245184K
  class space    used 22245K, committed 22720K, reserved 1048576K
GC Heap History (20 events):
Event: 34.848 GC heap after
{Heap after GC invocations=56 (full 0):
 garbage-first heap   total 247808K, used 184679K [0x0000000080000000, 0x0000000100000000)
  region size 1024K, 4 young (4096K), 4 survivors (4096K)
 Metaspace       used 152403K, committed 153280K, reserved 1245184K
  class space    used 19598K, committed 20032K, reserved 1048576K
}
Event: 35.110 GC heap before
{Heap before GC invocations=56 (full 0):
 garbage-first heap   total 247808K, used 212327K [0x0000000080000000, 0x0000000100000000)
  region size 1024K, 32 young (32768K), 4 survivors (4096K)
 Metaspace       used 152583K, committed 153408K, reserved 1245184K
  class space    used 19598K, committed 20032K, reserved 1048576K
}
Event: 35.115 GC heap after
{Heap after GC invocations=57 (full 0):
 garbage-first heap   total 247808K, used 188032K [0x0000000080000000, 0x0000000100000000)
  region size 1024K, 4 young (4096K), 4 survivors (4096K)
 Metaspace       used 152583K, committed 153408K, reserved 1245184K
  class space    used 19598K, committed 20032K, reserved 1048576K
}
Event: 35.163 GC heap before
{Heap before GC invocations=57 (full 0):
 garbage-first heap   total 247808K, used 212608K [0x0000000080000000, 0x0000000100000000)
  region size 1024K, 28 young (28672K), 4 survivors (4096K)
 Metaspace       used 152584K, committed 153408K, reserved 1245184K
  class space    used 19598K, committed 20032K, reserved 1048576K
}
Event: 35.168 GC heap after
{Heap after GC invocations=58 (full 0):
 garbage-first heap   total 247808K, used 190271K [0x0000000080000000, 0x0000000100000000)
  region size 1024K, 3 young (3072K), 3 survivors (3072K)
 Metaspace       used 152584K, committed 153408K, reserved 1245184K
  class space    used 19598K, committed 20032K, reserved 1048576K
}
Event: 35.699 GC heap before
{Heap before GC invocations=58 (full 0):
 garbage-first heap   total 247808K, used 213823K [0x0000000080000000, 0x0000000100000000)
  region size 1024K, 26 young (26624K), 3 survivors (3072K)
 Metaspace       used 153381K, committed 154240K, reserved 1245184K
  class space    used 19658K, committed 20096K, reserved 1048576K
}
Event: 35.704 GC heap after
{Heap after GC invocations=59 (full 0):
 garbage-first heap   total 247808K, used 193924K [0x0000000080000000, 0x0000000100000000)
  region size 1024K, 4 young (4096K), 4 survivors (4096K)
 Metaspace       used 153381K, committed 154240K, reserved 1245184K
  class space    used 19658K, committed 20096K, reserved 1048576K
}
Event: 36.610 GC heap before
{Heap before GC invocations=59 (full 0):
 garbage-first heap   total 247808K, used 214404K [0x0000000080000000, 0x0000000100000000)
  region size 1024K, 24 young (24576K), 4 survivors (4096K)
 Metaspace       used 154653K, committed 155520K, reserved 1245184K
  class space    used 19704K, committed 20096K, reserved 1048576K
}
Event: 36.616 GC heap after
{Heap after GC invocations=60 (full 0):
 garbage-first heap   total 247808K, used 196865K [0x0000000080000000, 0x0000000100000000)
  region size 1024K, 3 young (3072K), 3 survivors (3072K)
 Metaspace       used 154653K, committed 155520K, reserved 1245184K
  class space    used 19704K, committed 20096K, reserved 1048576K
}
Event: 36.997 GC heap before
{Heap before GC invocations=61 (full 0):
 garbage-first heap   total 342016K, used 209153K [0x0000000080000000, 0x0000000100000000)
  region size 1024K, 16 young (16384K), 3 survivors (3072K)
 Metaspace       used 155457K, committed 156352K, reserved 1245184K
  class space    used 19782K, committed 20224K, reserved 1048576K
}
Event: 37.003 GC heap after
{Heap after GC invocations=62 (full 0):
 garbage-first heap   total 342016K, used 197794K [0x0000000080000000, 0x0000000100000000)
  region size 1024K, 2 young (2048K), 2 survivors (2048K)
 Metaspace       used 155457K, committed 156352K, reserved 1245184K
  class space    used 19782K, committed 20224K, reserved 1048576K
}
Event: 37.986 GC heap before
{Heap before GC invocations=62 (full 0):
 garbage-first heap   total 342016K, used 211106K [0x0000000080000000, 0x0000000100000000)
  region size 1024K, 16 young (16384K), 2 survivors (2048K)
 Metaspace       used 157290K, committed 158144K, reserved 1245184K
  class space    used 19895K, committed 20288K, reserved 1048576K
}
Event: 37.993 GC heap after
{Heap after GC invocations=63 (full 0):
 garbage-first heap   total 342016K, used 186428K [0x0000000080000000, 0x0000000100000000)
  region size 1024K, 2 young (2048K), 2 survivors (2048K)
 Metaspace       used 157290K, committed 158144K, reserved 1245184K
  class space    used 19895K, committed 20288K, reserved 1048576K
}
Event: 41.014 GC heap before
{Heap before GC invocations=63 (full 0):
 garbage-first heap   total 342016K, used 277564K [0x0000000080000000, 0x0000000100000000)
  region size 1024K, 90 young (92160K), 2 survivors (2048K)
 Metaspace       used 163372K, committed 164288K, reserved 1245184K
  class space    used 20917K, committed 21376K, reserved 1048576K
}
Event: 41.020 GC heap after
{Heap after GC invocations=64 (full 0):
 garbage-first heap   total 342016K, used 189190K [0x0000000080000000, 0x0000000100000000)
  region size 1024K, 4 young (4096K), 4 survivors (4096K)
 Metaspace       used 163372K, committed 164288K, reserved 1245184K
  class space    used 20917K, committed 21376K, reserved 1048576K
}
Event: 42.988 GC heap before
{Heap before GC invocations=64 (full 0):
 garbage-first heap   total 342016K, used 292614K [0x0000000080000000, 0x0000000100000000)
  region size 1024K, 94 young (96256K), 4 survivors (4096K)
 Metaspace       used 171054K, committed 172096K, reserved 1245184K
  class space    used 22067K, committed 22592K, reserved 1048576K
}
Event: 42.998 GC heap after
{Heap after GC invocations=65 (full 0):
 garbage-first heap   total 342016K, used 201478K [0x0000000080000000, 0x0000000100000000)
  region size 1024K, 12 young (12288K), 12 survivors (12288K)
 Metaspace       used 171054K, committed 172096K, reserved 1245184K
  class space    used 22067K, committed 22592K, reserved 1048576K
}
Event: 43.660 GC heap before
{Heap before GC invocations=65 (full 0):
 garbage-first heap   total 342016K, used 287494K [0x0000000080000000, 0x0000000100000000)
  region size 1024K, 92 young (94208K), 12 survivors (12288K)
 Metaspace       used 172519K, committed 173504K, reserved 1245184K
  class space    used 22245K, committed 22720K, reserved 1048576K
}
Event: 43.685 GC heap after
{Heap after GC invocations=66 (full 0):
 garbage-first heap   total 342016K, used 221524K [0x0000000080000000, 0x0000000100000000)
  region size 1024K, 12 young (12288K), 12 survivors (12288K)
 Metaspace       used 172519K, committed 173504K, reserved 1245184K
  class space    used 22245K, committed 22720K, reserved 1048576K
}
Event: 44.288 GC heap before
{Heap before GC invocations=66 (full 0):
 garbage-first heap   total 342016K, used 277844K [0x0000000080000000, 0x0000000100000000)
  region size 1024K, 68 young (69632K), 12 survivors (12288K)
 Metaspace       used 172540K, committed 173504K, reserved 1245184K
  class space    used 22245K, committed 22720K, reserved 1048576K
}

