# JRE version: OpenJDK Runtime Environment (17.0.10) (build 17.0.10+0--11572160)
# Java VM: OpenJDK 64-Bit Server VM (17.0.10+0--11572160, mixed mode, tiered, compressed oops, compressed class ptrs, g1 gc, windows-amd64)
GC Precious Log:
 CPUs: 4 total, 4 available
 Memory: 8123M
 Large Page Support: Disabled
 NUMA Support: Disabled
 Compressed Oops: Enabled (32-bit)
 Heap Region Size: 1M
 Heap Min Capacity: 8M
 Heap Initial Capacity: 128M
 Heap Max Capacity: 2G
 Pre-touch: Disabled
 Parallel Workers: 4
 Concurrent Workers: 1
 Concurrent Refinement Workers: 4
 Periodic GC: Disabled
Heap:
 garbage-first heap   total 335872K, used 282112K [0x0000000080000000, 0x0000000100000000)
  region size 1024K, 109 young (111616K), 4 survivors (4096K)
 Metaspace       used 159165K, committed 160064K, reserved 1245184K
  class space    used 20836K, committed 21248K, reserved 1048576K
GC Heap History (20 events):
Event: 9.680 GC heap before
{Heap before GC invocations=37 (full 0):
 garbage-first heap   total 158720K, used 127193K [0x0000000080000000, 0x0000000100000000)
  region size 1024K, 36 young (36864K), 3 survivors (3072K)
 Metaspace       used 87019K, committed 87552K, reserved 1179648K
  class space    used 12036K, committed 12288K, reserved 1048576K
}
Event: 9.684 GC heap after
{Heap after GC invocations=38 (full 0):
 garbage-first heap   total 158720K, used 98470K [0x0000000080000000, 0x0000000100000000)
  region size 1024K, 5 young (5120K), 5 survivors (5120K)
 Metaspace       used 87019K, committed 87552K, reserved 1179648K
  class space    used 12036K, committed 12288K, reserved 1048576K
}
Event: 9.702 GC heap before
{Heap before GC invocations=38 (full 0):
 garbage-first heap   total 158720K, used 100518K [0x0000000080000000, 0x0000000100000000)
  region size 1024K, 7 young (7168K), 5 survivors (5120K)
 Metaspace       used 87153K, committed 87680K, reserved 1179648K
  class space    used 12047K, committed 12288K, reserved 1048576K
}
Event: 9.705 GC heap after
{Heap after GC invocations=39 (full 0):
 garbage-first heap   total 158720K, used 99388K [0x0000000080000000, 0x0000000100000000)
  region size 1024K, 1 young (1024K), 1 survivors (1024K)
 Metaspace       used 87153K, committed 87680K, reserved 1179648K
  class space    used 12047K, committed 12288K, reserved 1048576K
}
Event: 9.948 GC heap before
{Heap before GC invocations=39 (full 0):
 garbage-first heap   total 158720K, used 126012K [0x0000000080000000, 0x0000000100000000)
  region size 1024K, 27 young (27648K), 1 survivors (1024K)
 Metaspace       used 90301K, committed 90816K, reserved 1179648K
  class space    used 12316K, committed 12544K, reserved 1048576K
}
Event: 9.951 GC heap after
{Heap after GC invocations=40 (full 0):
 garbage-first heap   total 335872K, used 100544K [0x0000000080000000, 0x0000000100000000)
  region size 1024K, 2 young (2048K), 2 survivors (2048K)
 Metaspace       used 90301K, committed 90816K, reserved 1179648K
  class space    used 12316K, committed 12544K, reserved 1048576K
}
Event: 11.389 GC heap before
{Heap before GC invocations=41 (full 0):
 garbage-first heap   total 335872K, used 233664K [0x0000000080000000, 0x0000000100000000)
  region size 1024K, 131 young (134144K), 2 survivors (2048K)
 Metaspace       used 102176K, committed 102656K, reserved 1179648K
  class space    used 13725K, committed 13952K, reserved 1048576K
}
Event: 11.399 GC heap after
{Heap after GC invocations=42 (full 0):
 garbage-first heap   total 335872K, used 106927K [0x0000000080000000, 0x0000000100000000)
  region size 1024K, 9 young (9216K), 9 survivors (9216K)
 Metaspace       used 102176K, committed 102656K, reserved 1179648K
  class space    used 13725K, committed 13952K, reserved 1048576K
}
Event: 11.432 GC heap before
{Heap before GC invocations=42 (full 0):
 garbage-first heap   total 335872K, used 114095K [0x0000000080000000, 0x0000000100000000)
  region size 1024K, 16 young (16384K), 9 survivors (9216K)
 Metaspace       used 102234K, committed 102720K, reserved 1179648K
  class space    used 13728K, committed 13952K, reserved 1048576K
}
Event: 11.438 GC heap after
{Heap after GC invocations=43 (full 0):
 garbage-first heap   total 335872K, used 107916K [0x0000000080000000, 0x0000000100000000)
  region size 1024K, 2 young (2048K), 2 survivors (2048K)
 Metaspace       used 102234K, committed 102720K, reserved 1179648K
  class space    used 13728K, committed 13952K, reserved 1048576K
}
Event: 13.259 GC heap before
{Heap before GC invocations=43 (full 0):
 garbage-first heap   total 335872K, used 266636K [0x0000000080000000, 0x0000000100000000)
  region size 1024K, 156 young (159744K), 2 survivors (2048K)
 Metaspace       used 121911K, committed 122432K, reserved 1179648K
  class space    used 15897K, committed 16128K, reserved 1048576K
}
Event: 13.267 GC heap after
{Heap after GC invocations=44 (full 0):
 garbage-first heap   total 335872K, used 115541K [0x0000000080000000, 0x0000000100000000)
  region size 1024K, 8 young (8192K), 8 survivors (8192K)
 Metaspace       used 121911K, committed 122432K, reserved 1179648K
  class space    used 15897K, committed 16128K, reserved 1048576K
}
Event: 14.998 GC heap before
{Heap before GC invocations=44 (full 0):
 garbage-first heap   total 335872K, used 278357K [0x0000000080000000, 0x0000000100000000)
  region size 1024K, 158 young (161792K), 8 survivors (8192K)
 Metaspace       used 134114K, committed 134848K, reserved 1179648K
  class space    used 17499K, committed 17856K, reserved 1048576K
}
Event: 15.009 GC heap after
{Heap after GC invocations=45 (full 0):
 garbage-first heap   total 335872K, used 130063K [0x0000000080000000, 0x0000000100000000)
  region size 1024K, 20 young (20480K), 20 survivors (20480K)
 Metaspace       used 134114K, committed 134848K, reserved 1179648K
  class space    used 17499K, committed 17856K, reserved 1048576K
}
Event: 16.512 GC heap before
{Heap before GC invocations=45 (full 0):
 garbage-first heap   total 335872K, used 276495K [0x0000000080000000, 0x0000000100000000)
  region size 1024K, 159 young (162816K), 20 survivors (20480K)
 Metaspace       used 140967K, committed 141568K, reserved 1179648K
  class space    used 18415K, committed 18688K, reserved 1048576K
}
Event: 16.535 GC heap after
{Heap after GC invocations=46 (full 0):
 garbage-first heap   total 335872K, used 150043K [0x0000000080000000, 0x0000000100000000)
  region size 1024K, 16 young (16384K), 16 survivors (16384K)
 Metaspace       used 140967K, committed 141568K, reserved 1179648K
  class space    used 18415K, committed 18688K, reserved 1048576K
}
Event: 18.239 GC heap before
{Heap before GC invocations=46 (full 0):
 garbage-first heap   total 335872K, used 270875K [0x0000000080000000, 0x0000000100000000)
  region size 1024K, 134 young (137216K), 16 survivors (16384K)
 Metaspace       used 144467K, committed 145152K, reserved 1179648K
  class space    used 18625K, committed 18944K, reserved 1048576K
}
Event: 18.257 GC heap after
{Heap after GC invocations=47 (full 0):
 garbage-first heap   total 335872K, used 162781K [0x0000000080000000, 0x0000000100000000)
  region size 1024K, 14 young (14336K), 14 survivors (14336K)
 Metaspace       used 144467K, committed 145152K, reserved 1179648K
  class space    used 18625K, committed 18944K, reserved 1048576K
}
Event: 19.658 GC heap before
{Heap before GC invocations=47 (full 0):
 garbage-first heap   total 335872K, used 266205K [0x0000000080000000, 0x0000000100000000)
  region size 1024K, 115 young (117760K), 14 survivors (14336K)
 Metaspace       used 152574K, committed 153280K, reserved 1245184K
  class space    used 19764K, committed 20032K, reserved 1048576K
}
Event: 19.671 GC heap after
{Heap after GC invocations=48 (full 0):
 garbage-first heap   total 335872K, used 166400K [0x0000000080000000, 0x0000000100000000)
  region size 1024K, 4 young (4096K), 4 survivors (4096K)
 Metaspace       used 152574K, committed 153280K, reserved 1245184K
  class space    used 19764K, committed 20032K, reserved 1048576K
}

